TN:
SF:src/App.tsx
FN:16,(anonymous_0)
FN:17,(anonymous_1)
FN:18,(anonymous_2)
FN:19,(anonymous_3)
FN:20,(anonymous_4)
FN:21,(anonymous_5)
FN:22,(anonymous_6)
FN:23,(anonymous_7)
FN:24,(anonymous_8)
FN:25,(anonymous_9)
FN:26,(anonymous_10)
FN:27,(anonymous_11)
FN:28,(anonymous_12)
FN:29,(anonymous_13)
FN:30,(anonymous_14)
FN:31,(anonymous_15)
FN:32,(anonymous_16)
FN:33,(anonymous_17)
FN:35,(anonymous_18)
FN:46,App
FNF:20
FNH:0
FNDA:0,(anonymous_0)
FNDA:0,(anonymous_1)
FNDA:0,(anonymous_2)
FNDA:0,(anonymous_3)
FNDA:0,(anonymous_4)
FNDA:0,(anonymous_5)
FNDA:0,(anonymous_6)
FNDA:0,(anonymous_7)
FNDA:0,(anonymous_8)
FNDA:0,(anonymous_9)
FNDA:0,(anonymous_10)
FNDA:0,(anonymous_11)
FNDA:0,(anonymous_12)
FNDA:0,(anonymous_13)
FNDA:0,(anonymous_14)
FNDA:0,(anonymous_15)
FNDA:0,(anonymous_16)
FNDA:0,(anonymous_17)
FNDA:0,(anonymous_18)
FNDA:0,App
DA:16,0
DA:17,0
DA:18,0
DA:19,0
DA:20,0
DA:21,0
DA:22,0
DA:23,0
DA:24,0
DA:25,0
DA:26,0
DA:27,0
DA:28,0
DA:29,0
DA:30,0
DA:31,0
DA:32,0
DA:33,0
DA:35,0
DA:36,0
DA:47,0
LF:21
LH:0
BRF:0
BRH:0
end_of_record
TN:
SF:src/components/BackgroundAnimation.tsx
FN:5,BackgroundAnimation
FNF:1
FNH:0
FNDA:0,BackgroundAnimation
DA:6,0
LF:1
LH:0
BRF:0
BRH:0
end_of_record
TN:
SF:src/components/ChatAnimation.tsx
FN:5,ChatAnimation
FNF:1
FNH:0
FNDA:0,ChatAnimation
DA:6,0
LF:1
LH:0
BRF:0
BRH:0
end_of_record
TN:
SF:src/components/ChunkErrorPage.tsx
FN:7,isChunkLoadError
FN:20,(anonymous_1)
FN:34,(anonymous_2)
FNF:3
FNH:2
FNDA:16,isChunkLoadError
FNDA:2,(anonymous_1)
FNDA:0,(anonymous_2)
DA:8,16
DA:20,2
DA:21,2
DA:34,0
LF:4
LH:3
BRDA:9,0,0,16
BRDA:9,0,1,13
BRDA:9,0,2,11
BRDA:9,0,3,10
BRDA:34,1,0,2
BRDA:34,1,1,0
BRF:6
BRH:5
end_of_record
TN:
SF:src/components/ErrorBoundary.tsx
FN:21,(anonymous_0)
FN:25,(anonymous_1)
FN:29,(anonymous_2)
FN:31,(anonymous_3)
FNF:4
FNH:4
FNDA:9,(anonymous_0)
FNDA:4,(anonymous_1)
FNDA:1,(anonymous_2)
FNDA:19,(anonymous_3)
DA:19,9
DA:22,8
DA:26,4
DA:29,1
DA:32,19
DA:33,19
DA:35,19
DA:36,8
DA:37,6
DA:38,4
DA:41,11
LF:11
LH:11
BRDA:33,0,0,19
BRDA:35,1,0,8
BRDA:35,1,1,11
BRDA:36,2,0,2
BRDA:36,2,1,6
BRDA:37,3,0,2
BRDA:37,3,1,4
BRDA:38,4,0,4
BRDA:38,4,1,0
BRDA:38,5,0,4
BRDA:38,5,1,0
BRF:11
BRH:9
end_of_record
TN:
SF:src/components/ErrorPage.tsx
FN:14,(anonymous_0)
FN:28,(anonymous_1)
FNF:2
FNH:1
FNDA:4,(anonymous_0)
FNDA:0,(anonymous_1)
DA:14,1
DA:21,4
DA:23,4
DA:24,4
DA:27,4
DA:28,4
DA:30,4
LF:7
LH:7
BRDA:15,0,0,4
BRDA:23,1,0,0
BRDA:23,1,1,4
BRDA:24,2,0,0
BRDA:24,2,1,4
BRDA:27,3,0,0
BRDA:27,3,1,4
BRDA:28,4,0,0
BRDA:28,4,1,4
BRDA:33,5,0,0
BRDA:33,5,1,4
BRDA:38,6,0,0
BRDA:38,6,1,4
BRDA:40,7,0,0
BRDA:40,7,1,4
BRDA:49,8,0,0
BRDA:49,8,1,4
BRDA:52,9,0,4
BRDA:52,9,1,4
BRDA:56,10,0,0
BRDA:56,10,1,4
BRDA:59,11,0,4
BRDA:59,11,1,0
BRDA:64,12,0,4
BRDA:64,12,1,0
BRDA:66,13,0,0
BRDA:66,13,1,4
BRDA:69,14,0,4
BRDA:69,14,1,4
BRF:29
BRH:17
end_of_record
TN:
SF:src/components/NotificacionesGlobito.tsx
FN:5,(anonymous_0)
FN:8,(anonymous_1)
FN:14,(anonymous_2)
FN:37,(anonymous_3)
FNF:4
FNH:0
FNDA:0,(anonymous_0)
FNDA:0,(anonymous_1)
FNDA:0,(anonymous_2)
FNDA:0,(anonymous_3)
DA:5,0
DA:6,0
DA:8,0
DA:9,0
DA:12,0
DA:15,0
DA:37,0
LF:7
LH:0
BRDA:27,0,0,0
BRDA:27,0,1,0
BRDA:30,1,0,0
BRDA:30,1,1,0
BRF:4
BRH:0
end_of_record
TN:
SF:src/components/ProtectedRoute.tsx
FN:12,(anonymous_0)
FNF:1
FNH:0
FNDA:0,(anonymous_0)
DA:12,0
DA:17,0
DA:19,0
DA:20,0
DA:23,0
DA:24,0
DA:27,0
LF:7
LH:0
BRDA:15,0,0,0
BRDA:19,1,0,0
BRDA:19,1,1,0
BRDA:23,2,0,0
BRDA:23,2,1,0
BRDA:23,3,0,0
BRDA:23,3,1,0
BRF:7
BRH:0
end_of_record
TN:
SF:src/components/RespuestasRapidasView.tsx
FN:16,RespuestasRapidasView
FN:24,(anonymous_1)
FN:28,loadRespuestas
FN:40,startEdit
FN:45,cancelEdit
FN:50,startCreate
FN:56,cancelCreate
FN:62,saveEdit
FN:65,(anonymous_8)
FN:65,(anonymous_9)
FN:73,saveCreate
FN:80,(anonymous_11)
FN:89,handleDelete
FN:93,(anonymous_13)
FN:93,(anonymous_14)
FN:150,(anonymous_15)
FN:150,(anonymous_16)
FN:156,(anonymous_17)
FN:156,(anonymous_18)
FN:189,(anonymous_19)
FN:196,(anonymous_20)
FN:198,(anonymous_21)
FN:199,(anonymous_22)
FN:206,(anonymous_23)
FN:208,(anonymous_24)
FN:209,(anonymous_25)
FN:225,(anonymous_26)
FN:246,(anonymous_27)
FN:254,(anonymous_28)
FN:262,(anonymous_29)
FNF:30
FNH:0
FNDA:0,RespuestasRapidasView
FNDA:0,(anonymous_1)
FNDA:0,loadRespuestas
FNDA:0,startEdit
FNDA:0,cancelEdit
FNDA:0,startCreate
FNDA:0,cancelCreate
FNDA:0,saveEdit
FNDA:0,(anonymous_8)
FNDA:0,(anonymous_9)
FNDA:0,saveCreate
FNDA:0,(anonymous_11)
FNDA:0,handleDelete
FNDA:0,(anonymous_13)
FNDA:0,(anonymous_14)
FNDA:0,(anonymous_15)
FNDA:0,(anonymous_16)
FNDA:0,(anonymous_17)
FNDA:0,(anonymous_18)
FNDA:0,(anonymous_19)
FNDA:0,(anonymous_20)
FNDA:0,(anonymous_21)
FNDA:0,(anonymous_22)
FNDA:0,(anonymous_23)
FNDA:0,(anonymous_24)
FNDA:0,(anonymous_25)
FNDA:0,(anonymous_26)
FNDA:0,(anonymous_27)
FNDA:0,(anonymous_28)
FNDA:0,(anonymous_29)
DA:17,0
DA:18,0
DA:19,0
DA:20,0
DA:21,0
DA:22,0
DA:24,0
DA:25,0
DA:29,0
DA:30,0
DA:31,0
DA:32,0
DA:34,0
DA:36,0
DA:41,0
DA:42,0
DA:46,0
DA:47,0
DA:51,0
DA:52,0
DA:53,0
DA:57,0
DA:58,0
DA:59,0
DA:63,0
DA:64,0
DA:65,0
DA:66,0
DA:67,0
DA:69,0
DA:74,0
DA:75,0
DA:76,0
DA:78,0
DA:79,0
DA:80,0
DA:81,0
DA:82,0
DA:83,0
DA:85,0
DA:90,0
DA:91,0
DA:92,0
DA:93,0
DA:94,0
DA:95,0
DA:97,0
DA:101,0
DA:150,0
DA:156,0
DA:190,0
DA:197,0
DA:198,0
DA:199,0
DA:207,0
DA:208,0
DA:209,0
DA:225,0
DA:246,0
DA:254,0
DA:262,0
LF:61
LH:0
BRDA:65,0,0,0
BRDA:65,0,1,0
BRDA:74,1,0,0
BRDA:74,1,1,0
BRDA:74,2,0,0
BRDA:74,2,1,0
BRDA:90,3,0,0
BRDA:90,3,1,0
BRDA:94,4,0,0
BRDA:94,4,1,0
BRDA:122,5,0,0
BRDA:122,5,1,0
BRDA:132,6,0,0
BRDA:132,6,1,0
BRDA:144,7,0,0
BRDA:144,7,1,0
BRDA:180,8,0,0
BRDA:180,8,1,0
BRDA:184,9,0,0
BRDA:184,9,1,0
BRDA:191,10,0,0
BRDA:191,10,1,0
BRDA:199,11,0,0
BRDA:199,11,1,0
BRDA:209,12,0,0
BRDA:209,12,1,0
BRF:26
BRH:0
end_of_record
TN:
SF:src/components/SidePanel.tsx
FN:14,SidePanel
FNF:1
FNH:0
FNDA:0,SidePanel
DA:23,0
LF:1
LH:0
BRDA:17,0,0,0
BRDA:18,1,0,0
BRDA:21,2,0,0
BRDA:25,3,0,0
BRDA:25,3,1,0
BRDA:37,4,0,0
BRDA:37,4,1,0
BRDA:45,5,0,0
BRDA:45,5,1,0
BRDA:65,6,0,0
BRDA:65,6,1,0
BRF:11
BRH:0
end_of_record
TN:
SF:src/components/Tooltip.tsx
FN:9,(anonymous_0)
FN:14,(anonymous_1)
FN:25,(anonymous_2)
FNF:3
FNH:0
FNDA:0,(anonymous_0)
FNDA:0,(anonymous_1)
FNDA:0,(anonymous_2)
DA:9,0
DA:10,0
DA:11,0
DA:12,0
DA:14,0
DA:15,0
DA:16,0
DA:17,0
DA:21,0
DA:25,0
DA:27,0
LF:11
LH:0
BRDA:15,0,0,0
BRDA:15,0,1,0
BRDA:32,1,0,0
BRDA:32,1,1,0
BRF:4
BRH:0
end_of_record
TN:
SF:src/components/VoiceRecorder.tsx
FN:8,(anonymous_0)
FN:19,(anonymous_1)
FN:22,(anonymous_2)
FN:23,(anonymous_3)
FN:28,(anonymous_4)
FN:33,(anonymous_5)
FN:43,(anonymous_6)
FN:54,(anonymous_7)
FN:60,(anonymous_8)
FN:63,(anonymous_9)
FN:70,(anonymous_10)
FN:84,(anonymous_11)
FN:86,(anonymous_12)
FN:93,(anonymous_13)
FN:102,(anonymous_14)
FN:115,(anonymous_15)
FN:142,(anonymous_16)
FNF:17
FNH:0
FNDA:0,(anonymous_0)
FNDA:0,(anonymous_1)
FNDA:0,(anonymous_2)
FNDA:0,(anonymous_3)
FNDA:0,(anonymous_4)
FNDA:0,(anonymous_5)
FNDA:0,(anonymous_6)
FNDA:0,(anonymous_7)
FNDA:0,(anonymous_8)
FNDA:0,(anonymous_9)
FNDA:0,(anonymous_10)
FNDA:0,(anonymous_11)
FNDA:0,(anonymous_12)
FNDA:0,(anonymous_13)
FNDA:0,(anonymous_14)
FNDA:0,(anonymous_15)
FNDA:0,(anonymous_16)
DA:8,0
DA:9,0
DA:10,0
DA:11,0
DA:12,0
DA:13,0
DA:14,0
DA:15,0
DA:16,0
DA:17,0
DA:19,0
DA:20,0
DA:21,0
DA:22,0
DA:23,0
DA:25,0
DA:26,0
DA:28,0
DA:29,0
DA:33,0
DA:34,0
DA:35,0
DA:38,0
DA:42,0
DA:43,0
DA:44,0
DA:47,0
DA:54,0
DA:55,0
DA:56,0
DA:57,0
DA:58,0
DA:59,0
DA:60,0
DA:61,0
DA:63,0
DA:64,0
DA:65,0
DA:66,0
DA:67,0
DA:68,0
DA:69,0
DA:70,0
DA:71,0
DA:73,0
DA:74,0
DA:75,0
DA:76,0
DA:78,0
DA:79,0
DA:80,0
DA:84,0
DA:85,0
DA:86,0
DA:87,0
DA:88,0
DA:89,0
DA:90,0
DA:93,0
DA:94,0
DA:95,0
DA:96,0
DA:97,0
DA:98,0
DA:99,0
DA:102,0
DA:103,0
DA:104,0
DA:105,0
DA:106,0
DA:109,0
DA:115,0
DA:143,0
DA:144,0
LF:74
LH:0
BRDA:20,0,0,0
BRDA:20,0,1,0
BRDA:25,1,0,0
BRDA:25,1,1,0
BRDA:29,2,0,0
BRDA:29,2,1,0
BRDA:34,3,0,0
BRDA:34,3,1,0
BRDA:38,4,0,0
BRDA:38,4,1,0
BRDA:38,4,2,0
BRDA:38,4,3,0
BRDA:42,5,0,0
BRDA:42,5,1,0
BRDA:48,6,0,0
BRDA:48,6,1,0
BRDA:61,7,0,0
BRDA:61,7,1,0
BRDA:61,8,0,0
BRDA:61,8,1,0
BRDA:64,9,0,0
BRDA:64,9,1,0
BRDA:78,10,0,0
BRDA:78,10,1,0
BRDA:85,11,0,0
BRDA:85,11,1,0
BRDA:85,12,0,0
BRDA:85,12,1,0
BRDA:94,13,0,0
BRDA:94,13,1,0
BRDA:94,14,0,0
BRDA:94,14,1,0
BRDA:95,15,0,0
BRDA:95,15,1,0
BRDA:103,16,0,0
BRDA:103,16,1,0
BRDA:111,17,0,0
BRDA:111,17,1,0
BRDA:121,18,0,0
BRDA:121,18,1,0
BRDA:147,19,0,0
BRDA:147,19,1,0
BRF:42
BRH:0
end_of_record
TN:
SF:src/components/ui/button.tsx
FN:9,(anonymous_0)
FNF:1
FNH:0
FNDA:0,(anonymous_0)
DA:8,0
DA:10,0
DA:12,0
DA:16,0
DA:26,0
LF:5
LH:0
BRDA:9,0,0,0
BRDA:12,1,0,0
BRDA:12,1,1,0
BRF:3
BRH:0
end_of_record
TN:
SF:src/components/ui/input.tsx
FN:6,(anonymous_0)
FNF:1
FNH:0
FNDA:0,(anonymous_0)
DA:6,0
DA:7,0
DA:19,0
LF:3
LH:0
BRF:0
BRH:0
end_of_record
TN:
SF:src/components/ui/label.tsx
FN:7,(anonymous_0)
FNF:1
FNH:0
FNDA:0,(anonymous_0)
DA:4,0
DA:8,0
DA:15,0
LF:3
LH:0
BRF:0
BRH:0
end_of_record
TN:
SF:src/components/ui/select.tsx
FN:9,(anonymous_0)
FN:14,(anonymous_1)
FN:21,(anonymous_2)
FN:25,(anonymous_3)
FN:29,(anonymous_4)
FN:33,(anonymous_5)
FNF:6
FNH:0
FNDA:0,(anonymous_0)
FNDA:0,(anonymous_1)
FNDA:0,(anonymous_2)
FNDA:0,(anonymous_3)
FNDA:0,(anonymous_4)
FNDA:0,(anonymous_5)
DA:9,0
DA:10,0
DA:14,0
DA:21,0
DA:22,0
DA:25,0
DA:26,0
DA:29,0
DA:30,0
DA:33,0
DA:34,0
LF:11
LH:0
BRF:0
BRH:0
end_of_record
TN:
SF:src/components/ui/switch.tsx
FN:8,(anonymous_0)
FN:15,(anonymous_1)
FNF:2
FNH:0
FNDA:0,(anonymous_0)
FNDA:0,(anonymous_1)
DA:8,0
DA:9,0
DA:15,0
LF:3
LH:0
BRF:0
BRH:0
end_of_record
TN:
SF:src/context/NotificacionContext.tsx
FN:17,(anonymous_0)
FN:25,(anonymous_1)
FN:31,(anonymous_2)
FN:34,(anonymous_3)
FN:43,(anonymous_4)
FN:54,(anonymous_5)
FN:65,(anonymous_6)
FN:66,(anonymous_7)
FN:67,(anonymous_8)
FN:69,(anonymous_9)
FN:89,(anonymous_10)
FN:92,(anonymous_11)
FN:95,(anonymous_12)
FN:105,(anonymous_13)
FN:108,(anonymous_14)
FN:111,(anonymous_15)
FN:114,(anonymous_16)
FN:140,(anonymous_17)
FN:146,(anonymous_18)
FN:154,(anonymous_19)
FN:162,(anonymous_20)
FN:163,(anonymous_21)
FN:163,(anonymous_22)
FN:166,(anonymous_23)
FN:170,(anonymous_24)
FN:175,(anonymous_25)
FN:175,(anonymous_26)
FNF:27
FNH:0
FNDA:0,(anonymous_0)
FNDA:0,(anonymous_1)
FNDA:0,(anonymous_2)
FNDA:0,(anonymous_3)
FNDA:0,(anonymous_4)
FNDA:0,(anonymous_5)
FNDA:0,(anonymous_6)
FNDA:0,(anonymous_7)
FNDA:0,(anonymous_8)
FNDA:0,(anonymous_9)
FNDA:0,(anonymous_10)
FNDA:0,(anonymous_11)
FNDA:0,(anonymous_12)
FNDA:0,(anonymous_13)
FNDA:0,(anonymous_14)
FNDA:0,(anonymous_15)
FNDA:0,(anonymous_16)
FNDA:0,(anonymous_17)
FNDA:0,(anonymous_18)
FNDA:0,(anonymous_19)
FNDA:0,(anonymous_20)
FNDA:0,(anonymous_21)
FNDA:0,(anonymous_22)
FNDA:0,(anonymous_23)
FNDA:0,(anonymous_24)
FNDA:0,(anonymous_25)
FNDA:0,(anonymous_26)
DA:7,0
DA:17,0
DA:18,0
DA:19,0
DA:20,0
DA:23,0
DA:25,0
DA:26,0
DA:27,0
DA:28,0
DA:31,0
DA:32,0
DA:33,0
DA:35,0
DA:36,0
DA:37,0
DA:38,0
DA:43,0
DA:44,0
DA:45,0
DA:46,0
DA:47,0
DA:48,0
DA:50,0
DA:54,0
DA:55,0
DA:56,0
DA:57,0
DA:58,0
DA:59,0
DA:61,0
DA:65,0
DA:66,0
DA:67,0
DA:69,0
DA:70,0
DA:71,0
DA:88,0
DA:89,0
DA:90,0
DA:91,0
DA:93,0
DA:96,0
DA:101,0
DA:105,0
DA:106,0
DA:108,0
DA:109,0
DA:110,0
DA:111,0
DA:114,0
DA:115,0
DA:116,0
DA:118,0
DA:119,0
DA:120,0
DA:122,0
DA:123,0
DA:124,0
DA:126,0
DA:127,0
DA:128,0
DA:133,0
DA:137,0
DA:138,0
DA:140,0
DA:141,0
DA:142,0
DA:146,0
DA:147,0
DA:148,0
DA:154,0
DA:155,0
DA:156,0
DA:162,0
DA:163,0
DA:166,0
DA:167,0
DA:170,0
DA:171,0
DA:174,0
DA:175,0
DA:179,0
LF:83
LH:0
BRDA:19,0,0,0
BRDA:19,0,1,0
BRDA:26,1,0,0
BRDA:26,1,1,0
BRDA:28,2,0,0
BRDA:28,2,1,0
BRDA:35,3,0,0
BRDA:35,3,1,0
BRDA:37,4,0,0
BRDA:37,4,1,0
BRDA:46,5,0,0
BRDA:46,5,1,0
BRDA:48,6,0,0
BRDA:48,6,1,0
BRDA:57,7,0,0
BRDA:57,7,1,0
BRDA:59,8,0,0
BRDA:59,8,1,0
BRDA:72,9,0,0
BRDA:72,9,1,0
BRDA:73,10,0,0
BRDA:73,10,1,0
BRDA:75,11,0,0
BRDA:75,11,1,0
BRDA:75,11,2,0
BRDA:75,11,3,0
BRDA:81,12,0,0
BRDA:81,12,1,0
BRDA:81,12,2,0
BRDA:81,12,3,0
BRDA:96,13,0,0
BRDA:96,13,1,0
BRDA:96,13,2,0
BRDA:116,14,0,0
BRDA:116,14,1,0
BRDA:120,15,0,0
BRDA:120,15,1,0
BRDA:122,16,0,0
BRDA:122,16,1,0
BRDA:123,17,0,0
BRDA:123,17,1,0
BRDA:127,18,0,0
BRDA:127,18,1,0
BRF:43
BRH:0
end_of_record
TN:
SF:src/context/ProfilePhotoContext.tsx
FN:11,(anonymous_0)
FN:14,ProfilePhotoProvider
FN:17,(anonymous_2)
FN:18,(anonymous_3)
FN:28,useProfilePhoto
FNF:5
FNH:0
FNDA:0,(anonymous_0)
FNDA:0,ProfilePhotoProvider
FNDA:0,(anonymous_2)
FNDA:0,(anonymous_3)
FNDA:0,useProfilePhoto
DA:9,0
DA:15,0
DA:17,0
DA:18,0
DA:21,0
DA:29,0
LF:6
LH:0
BRF:0
BRH:0
end_of_record
TN:
SF:src/hooks/useEsMovil.ts
FN:3,(anonymous_0)
FN:6,(anonymous_1)
FN:7,(anonymous_2)
FN:11,(anonymous_3)
FNF:4
FNH:0
FNDA:0,(anonymous_0)
FNDA:0,(anonymous_1)
FNDA:0,(anonymous_2)
FNDA:0,(anonymous_3)
DA:3,0
DA:4,0
DA:6,0
DA:7,0
DA:8,0
DA:10,0
DA:11,0
DA:14,0
LF:8
LH:0
BRF:0
BRH:0
end_of_record
TN:
SF:src/lib/apiClient.ts
FN:8,unwrapEnvelope
FN:26,(anonymous_1)
FNF:2
FNH:1
FNDA:14,unwrapEnvelope
FNDA:0,(anonymous_1)
DA:9,14
DA:16,1
DA:18,13
DA:24,1
DA:26,1
DA:27,0
DA:28,0
DA:35,0
DA:37,0
LF:9
LH:5
BRDA:9,0,0,1
BRDA:9,0,1,13
BRDA:10,1,0,14
BRDA:10,1,1,14
BRDA:10,1,2,14
BRDA:10,1,3,10
BRDA:10,1,4,1
BRDA:28,2,0,0
BRDA:28,2,1,0
BRDA:29,3,0,0
BRDA:29,3,1,0
BRDA:29,3,2,0
BRDA:29,3,3,0
BRDA:29,3,4,0
BRF:14
BRH:7
end_of_record
TN:
SF:src/lib/env.ts
FN:1,(anonymous_0)
FN:7,(anonymous_1)
FNF:2
FNH:2
FNDA:18,(anonymous_0)
FNDA:18,(anonymous_1)
DA:1,9
DA:2,18
DA:3,18
DA:4,18
DA:7,9
DA:8,18
DA:10,9
LF:7
LH:7
BRDA:3,0,0,0
BRDA:3,0,1,18
BRDA:8,1,0,18
BRDA:8,1,1,0
BRF:4
BRH:2
end_of_record
TN:
SF:src/lib/queryClient.ts
FNF:0
FNH:0
DA:3,0
LF:1
LH:0
BRF:0
BRH:0
end_of_record
TN:
SF:src/lib/storage.ts
FN:9,(anonymous_0)
FN:10,(anonymous_1)
FN:11,(anonymous_2)
FN:13,(anonymous_3)
FN:14,(anonymous_4)
FN:15,(anonymous_5)
FN:17,(anonymous_6)
FN:18,(anonymous_7)
FN:20,(anonymous_8)
FN:21,(anonymous_9)
FNF:10
FNH:0
FNDA:0,(anonymous_0)
FNDA:0,(anonymous_1)
FNDA:0,(anonymous_2)
FNDA:0,(anonymous_3)
FNDA:0,(anonymous_4)
FNDA:0,(anonymous_5)
FNDA:0,(anonymous_6)
FNDA:0,(anonymous_7)
FNDA:0,(anonymous_8)
FNDA:0,(anonymous_9)
DA:1,1
DA:8,1
DA:9,0
DA:10,0
DA:11,0
DA:13,0
DA:14,0
DA:15,0
DA:17,0
DA:18,0
DA:20,0
DA:21,0
LF:12
LH:2
BRF:0
BRH:0
end_of_record
TN:
SF:src/lib/utils.ts
FN:4,cn
FNF:1
FNH:0
FNDA:0,cn
DA:5,0
LF:1
LH:0
BRF:0
BRH:0
end_of_record
TN:
SF:src/modules/accesos/components/BottomNav.tsx
FN:12,BottomNav
FN:33,(anonymous_1)
FN:37,(anonymous_2)
FNF:3
FNH:0
FNDA:0,BottomNav
FNDA:0,(anonymous_1)
FNDA:0,(anonymous_2)
DA:13,0
DA:15,0
DA:29,0
DA:31,0
DA:34,0
DA:38,0
LF:6
LH:0
BRDA:17,0,0,0
BRDA:17,0,1,0
BRDA:18,1,0,0
BRDA:18,1,1,0
BRDA:19,2,0,0
BRDA:19,2,1,0
BRDA:20,3,0,0
BRDA:20,3,1,0
BRDA:39,4,0,0
BRDA:39,4,1,0
BRF:10
BRH:0
end_of_record
TN:
SF:src/modules/accesos/components/SidebarCompacto.tsx
FN:5,SidebarCompacto
FN:39,(anonymous_1)
FN:44,(anonymous_2)
FNF:3
FNH:0
FNDA:0,SidebarCompacto
FNDA:0,(anonymous_1)
FNDA:0,(anonymous_2)
DA:6,0
DA:7,0
DA:9,0
DA:23,0
DA:40,0
DA:45,0
LF:6
LH:0
BRDA:11,0,0,0
BRDA:11,0,1,0
BRDA:12,1,0,0
BRDA:12,1,1,0
BRDA:13,2,0,0
BRDA:13,2,1,0
BRDA:14,3,0,0
BRDA:14,3,1,0
BRDA:15,4,0,0
BRDA:15,4,1,0
BRDA:46,5,0,0
BRDA:46,5,1,0
BRDA:46,6,0,0
BRDA:46,6,1,0
BRF:14
BRH:0
end_of_record
TN:
SF:src/modules/accesos/layouts/BaseLayout.tsx
FN:10,useIsMobile
FN:12,(anonymous_1)
FN:14,(anonymous_2)
FN:16,(anonymous_3)
FN:18,(anonymous_4)
FN:23,BaseLayout
FN:31,BaseLayoutInner
FN:39,(anonymous_7)
FN:60,(anonymous_8)
FN:109,(anonymous_9)
FNF:10
FNH:0
FNDA:0,useIsMobile
FNDA:0,(anonymous_1)
FNDA:0,(anonymous_2)
FNDA:0,(anonymous_3)
FNDA:0,(anonymous_4)
FNDA:0,BaseLayout
FNDA:0,BaseLayoutInner
FNDA:0,(anonymous_7)
FNDA:0,(anonymous_8)
FNDA:0,(anonymous_9)
DA:11,0
DA:12,0
DA:14,0
DA:15,0
DA:16,0
DA:17,0
DA:18,0
DA:20,0
DA:24,0
DA:32,0
DA:33,0
DA:34,0
DA:35,0
DA:36,0
DA:37,0
DA:39,0
DA:40,0
DA:41,0
DA:42,0
DA:43,0
DA:44,0
DA:45,0
DA:46,0
DA:47,0
DA:48,0
DA:49,0
DA:53,0
DA:54,0
DA:60,0
DA:83,0
DA:109,0
LF:31
LH:0
BRDA:12,0,0,0
BRDA:12,0,1,0
BRDA:40,1,0,0
BRDA:40,1,1,0
BRDA:41,2,0,0
BRDA:41,2,1,0
BRDA:42,3,0,0
BRDA:42,3,1,0
BRDA:43,4,0,0
BRDA:43,4,1,0
BRDA:44,5,0,0
BRDA:44,5,1,0
BRDA:45,6,0,0
BRDA:45,6,1,0
BRDA:46,7,0,0
BRDA:46,7,1,0
BRDA:47,8,0,0
BRDA:47,8,1,0
BRDA:48,9,0,0
BRDA:48,9,1,0
BRDA:53,10,0,0
BRDA:53,10,1,0
BRDA:56,11,0,0
BRDA:56,11,1,0
BRDA:70,12,0,0
BRDA:70,12,1,0
BRDA:77,13,0,0
BRDA:77,13,1,0
BRDA:101,14,0,0
BRDA:101,14,1,0
BRDA:101,14,2,0
BRDA:104,15,0,0
BRDA:104,15,1,0
BRDA:113,16,0,0
BRDA:113,16,1,0
BRDA:116,17,0,0
BRDA:116,17,1,0
BRDA:116,17,2,0
BRDA:124,18,0,0
BRDA:124,18,1,0
BRF:40
BRH:0
end_of_record
TN:
SF:src/modules/accesos/pages/Agenda.tsx
FN:26,(anonymous_0)
FN:33,(anonymous_1)
FN:37,(anonymous_2)
FN:40,(anonymous_3)
FN:53,(anonymous_4)
FN:63,(anonymous_5)
FN:69,(anonymous_6)
FN:86,Agenda
FN:101,(anonymous_8)
FN:102,(anonymous_9)
FN:106,(anonymous_10)
FN:109,(anonymous_11)
FN:111,(anonymous_12)
FN:113,(anonymous_13)
FN:132,(anonymous_14)
FN:137,(anonymous_15)
FN:139,(anonymous_16)
FN:156,(anonymous_17)
FN:164,(anonymous_18)
FN:227,(anonymous_19)
FN:234,(anonymous_20)
FN:237,(anonymous_21)
FN:245,(anonymous_22)
FN:268,(anonymous_23)
FN:301,(anonymous_24)
FN:349,(anonymous_25)
FN:378,(anonymous_26)
FN:378,(anonymous_27)
FN:389,(anonymous_28)
FN:389,(anonymous_29)
FN:414,(anonymous_30)
FN:425,(anonymous_31)
FN:425,(anonymous_32)
FN:432,(anonymous_33)
FN:432,(anonymous_34)
FN:438,(anonymous_35)
FN:438,(anonymous_36)
FN:444,(anonymous_37)
FN:444,(anonymous_38)
FN:450,(anonymous_39)
FN:450,(anonymous_40)
FN:456,(anonymous_41)
FN:456,(anonymous_42)
FN:465,(anonymous_43)
FNF:44
FNH:0
FNDA:0,(anonymous_0)
FNDA:0,(anonymous_1)
FNDA:0,(anonymous_2)
FNDA:0,(anonymous_3)
FNDA:0,(anonymous_4)
FNDA:0,(anonymous_5)
FNDA:0,(anonymous_6)
FNDA:0,Agenda
FNDA:0,(anonymous_8)
FNDA:0,(anonymous_9)
FNDA:0,(anonymous_10)
FNDA:0,(anonymous_11)
FNDA:0,(anonymous_12)
FNDA:0,(anonymous_13)
FNDA:0,(anonymous_14)
FNDA:0,(anonymous_15)
FNDA:0,(anonymous_16)
FNDA:0,(anonymous_17)
FNDA:0,(anonymous_18)
FNDA:0,(anonymous_19)
FNDA:0,(anonymous_20)
FNDA:0,(anonymous_21)
FNDA:0,(anonymous_22)
FNDA:0,(anonymous_23)
FNDA:0,(anonymous_24)
FNDA:0,(anonymous_25)
FNDA:0,(anonymous_26)
FNDA:0,(anonymous_27)
FNDA:0,(anonymous_28)
FNDA:0,(anonymous_29)
FNDA:0,(anonymous_30)
FNDA:0,(anonymous_31)
FNDA:0,(anonymous_32)
FNDA:0,(anonymous_33)
FNDA:0,(anonymous_34)
FNDA:0,(anonymous_35)
FNDA:0,(anonymous_36)
FNDA:0,(anonymous_37)
FNDA:0,(anonymous_38)
FNDA:0,(anonymous_39)
FNDA:0,(anonymous_40)
FNDA:0,(anonymous_41)
FNDA:0,(anonymous_42)
FNDA:0,(anonymous_43)
DA:23,0
DA:24,0
DA:26,0
DA:27,0
DA:28,0
DA:29,0
DA:30,0
DA:33,0
DA:34,0
DA:37,0
DA:40,0
DA:41,0
DA:42,0
DA:43,0
DA:44,0
DA:45,0
DA:46,0
DA:47,0
DA:48,0
DA:49,0
DA:50,0
DA:53,0
DA:54,0
DA:55,0
DA:56,0
DA:57,0
DA:58,0
DA:60,0
DA:63,0
DA:64,0
DA:65,0
DA:66,0
DA:69,0
DA:70,0
DA:71,0
DA:72,0
DA:75,0
DA:84,0
DA:87,0
DA:88,0
DA:89,0
DA:90,0
DA:91,0
DA:92,0
DA:93,0
DA:94,0
DA:95,0
DA:96,0
DA:97,0
DA:98,0
DA:99,0
DA:101,0
DA:102,0
DA:103,0
DA:104,0
DA:106,0
DA:109,0
DA:111,0
DA:112,0
DA:113,0
DA:114,0
DA:115,0
DA:116,0
DA:117,0
DA:123,0
DA:124,0
DA:126,0
DA:127,0
DA:129,0
DA:132,0
DA:135,0
DA:136,0
DA:137,0
DA:139,0
DA:140,0
DA:141,0
DA:142,0
DA:143,0
DA:144,0
DA:153,0
DA:154,0
DA:155,0
DA:156,0
DA:158,0
DA:160,0
DA:164,0
DA:165,0
DA:166,0
DA:167,0
DA:169,0
DA:170,0
DA:171,0
DA:172,0
DA:173,0
DA:174,0
DA:176,0
DA:178,0
DA:182,0
DA:227,0
DA:234,0
DA:238,0
DA:245,0
DA:270,0
DA:273,0
DA:274,0
DA:279,0
DA:280,0
DA:301,0
DA:349,0
DA:378,0
DA:389,0
DA:414,0
DA:425,0
DA:432,0
DA:438,0
DA:444,0
DA:450,0
DA:456,0
DA:465,0
LF:119
LH:0
BRDA:27,0,0,0
BRDA:27,0,1,0
BRDA:28,1,0,0
BRDA:28,1,1,0
BRDA:29,2,0,0
BRDA:29,2,1,0
BRDA:34,3,0,0
BRDA:34,3,1,0
BRDA:41,4,0,0
BRDA:41,4,1,0
BRDA:43,5,0,0
BRDA:43,5,1,0
BRDA:45,6,0,0
BRDA:45,6,1,0
BRDA:47,7,0,0
BRDA:47,7,1,0
BRDA:49,8,0,0
BRDA:49,8,1,0
BRDA:54,9,0,0
BRDA:54,9,1,0
BRDA:56,10,0,0
BRDA:56,10,1,0
BRDA:57,11,0,0
BRDA:57,11,1,0
BRDA:64,12,0,0
BRDA:64,12,1,0
BRDA:65,13,0,0
BRDA:65,13,1,0
BRDA:70,14,0,0
BRDA:70,14,1,0
BRDA:71,15,0,0
BRDA:71,15,1,0
BRDA:123,16,0,0
BRDA:123,16,1,0
BRDA:126,17,0,0
BRDA:126,17,1,0
BRDA:127,18,0,0
BRDA:127,18,1,0
BRDA:129,19,0,0
BRDA:129,19,1,0
BRDA:135,20,0,0
BRDA:135,20,1,0
BRDA:136,21,0,0
BRDA:136,21,1,0
BRDA:147,22,0,0
BRDA:147,22,1,0
BRDA:148,23,0,0
BRDA:148,23,1,0
BRDA:149,24,0,0
BRDA:149,24,1,0
BRDA:150,25,0,0
BRDA:150,25,1,0
BRDA:151,26,0,0
BRDA:151,26,1,0
BRDA:158,27,0,0
BRDA:158,27,1,0
BRDA:165,28,0,0
BRDA:165,28,1,0
BRDA:169,29,0,0
BRDA:169,29,1,0
BRDA:176,30,0,0
BRDA:176,30,1,0
BRDA:212,31,0,0
BRDA:212,31,1,0
BRDA:254,32,0,0
BRDA:254,32,1,0
BRDA:258,33,0,0
BRDA:258,33,1,0
BRDA:262,34,0,0
BRDA:262,34,1,0
BRDA:270,35,0,0
BRDA:270,35,1,0
BRDA:270,36,0,0
BRDA:270,36,1,0
BRDA:273,37,0,0
BRDA:273,37,1,0
BRDA:274,38,0,0
BRDA:274,38,1,0
BRDA:276,39,0,0
BRDA:276,39,1,0
BRDA:294,40,0,0
BRDA:294,40,1,0
BRDA:296,41,0,0
BRDA:296,41,1,0
BRDA:302,42,0,0
BRDA:302,42,1,0
BRDA:306,43,0,0
BRDA:306,43,1,0
BRDA:320,44,0,0
BRDA:320,44,1,0
BRDA:329,45,0,0
BRDA:329,45,1,0
BRDA:350,46,0,0
BRDA:350,46,1,0
BRDA:354,47,0,0
BRDA:354,47,1,0
BRDA:379,48,0,0
BRDA:379,48,1,0
BRDA:390,49,0,0
BRDA:390,49,1,0
BRDA:401,50,0,0
BRDA:401,50,1,0
BRDA:431,51,0,0
BRDA:431,51,1,0
BRDA:437,52,0,0
BRDA:437,52,1,0
BRDA:443,53,0,0
BRDA:443,53,1,0
BRDA:449,54,0,0
BRDA:449,54,1,0
BRDA:455,55,0,0
BRDA:455,55,1,0
BRF:112
BRH:0
end_of_record
TN:
SF:src/modules/accesos/pages/Ajustes.tsx
FN:85,Ajustes
FN:88,(anonymous_1)
FN:101,(anonymous_2)
FN:119,(anonymous_3)
FN:139,(anonymous_4)
FNF:5
FNH:0
FNDA:0,Ajustes
FNDA:0,(anonymous_1)
FNDA:0,(anonymous_2)
FNDA:0,(anonymous_3)
FNDA:0,(anonymous_4)
DA:5,0
DA:32,0
DA:47,0
DA:86,0
DA:88,0
DA:90,0
DA:102,0
DA:120,0
DA:140,0
LF:9
LH:0
BRDA:133,0,0,0
BRDA:133,0,1,0
BRF:2
BRH:0
end_of_record
TN:
SF:src/modules/accesos/pages/Reportes.tsx
FN:7,(anonymous_0)
FN:13,(anonymous_1)
FN:17,(anonymous_2)
FN:19,Reportes
FN:27,(anonymous_4)
FN:28,(anonymous_5)
FN:32,(anonymous_6)
FN:45,(anonymous_7)
FN:45,(anonymous_8)
FN:49,(anonymous_9)
FN:51,(anonymous_10)
FN:53,(anonymous_11)
FN:60,(anonymous_12)
FN:68,(anonymous_13)
FN:69,(anonymous_14)
FN:98,(anonymous_15)
FN:104,(anonymous_16)
FN:140,(anonymous_17)
FN:146,(anonymous_18)
FN:147,(anonymous_19)
FNF:20
FNH:0
FNDA:0,(anonymous_0)
FNDA:0,(anonymous_1)
FNDA:0,(anonymous_2)
FNDA:0,Reportes
FNDA:0,(anonymous_4)
FNDA:0,(anonymous_5)
FNDA:0,(anonymous_6)
FNDA:0,(anonymous_7)
FNDA:0,(anonymous_8)
FNDA:0,(anonymous_9)
FNDA:0,(anonymous_10)
FNDA:0,(anonymous_11)
FNDA:0,(anonymous_12)
FNDA:0,(anonymous_13)
FNDA:0,(anonymous_14)
FNDA:0,(anonymous_15)
FNDA:0,(anonymous_16)
FNDA:0,(anonymous_17)
FNDA:0,(anonymous_18)
FNDA:0,(anonymous_19)
DA:7,0
DA:8,0
DA:9,0
DA:10,0
DA:13,0
DA:14,0
DA:17,0
DA:20,0
DA:21,0
DA:22,0
DA:23,0
DA:24,0
DA:25,0
DA:27,0
DA:28,0
DA:29,0
DA:30,0
DA:31,0
DA:32,0
DA:34,0
DA:35,0
DA:37,0
DA:41,0
DA:44,0
DA:45,0
DA:49,0
DA:50,0
DA:51,0
DA:52,0
DA:53,0
DA:54,0
DA:56,0
DA:60,0
DA:61,0
DA:62,0
DA:63,0
DA:65,0
DA:66,0
DA:68,0
DA:69,0
DA:71,0
DA:73,0
DA:74,0
DA:76,0
DA:80,0
DA:99,0
DA:100,0
DA:104,0
DA:141,0
DA:147,0
LF:50
LH:0
BRDA:8,0,0,0
BRDA:8,0,1,0
BRDA:8,1,0,0
BRDA:8,1,1,0
BRDA:9,2,0,0
BRDA:9,2,1,0
BRDA:32,3,0,0
BRDA:32,3,1,0
BRDA:32,3,2,0
BRDA:45,4,0,0
BRDA:45,4,1,0
BRDA:50,5,0,0
BRDA:50,5,1,0
BRDA:54,6,0,0
BRDA:54,6,1,0
BRDA:61,7,0,0
BRDA:61,7,1,0
BRDA:90,8,0,0
BRDA:90,8,1,0
BRDA:91,9,0,0
BRDA:91,9,1,0
BRDA:93,10,0,0
BRDA:93,10,1,0
BRDA:93,11,0,0
BRDA:93,11,1,0
BRDA:106,12,0,0
BRDA:106,12,1,0
BRDA:135,13,0,0
BRDA:135,13,1,0
BRDA:145,14,0,0
BRDA:145,14,1,0
BRDA:159,15,0,0
BRDA:159,15,1,0
BRF:33
BRH:0
end_of_record
TN:
SF:src/modules/accesos/pages/Roles.tsx
FN:12,Roles
FN:19,(anonymous_1)
FN:20,(anonymous_2)
FN:28,(anonymous_3)
FN:30,(anonymous_4)
FN:31,(anonymous_5)
FN:33,(anonymous_6)
FN:36,(anonymous_7)
FN:39,(anonymous_8)
FN:44,(anonymous_9)
FN:53,(anonymous_10)
FN:53,(anonymous_11)
FN:55,(anonymous_12)
FN:62,(anonymous_13)
FN:65,(anonymous_14)
FN:66,(anonymous_15)
FN:71,(anonymous_16)
FN:72,(anonymous_17)
FN:72,(anonymous_18)
FN:73,(anonymous_19)
FN:107,(anonymous_20)
FN:118,(anonymous_21)
FN:127,(anonymous_22)
FN:133,(anonymous_23)
FN:141,(anonymous_24)
FN:141,(anonymous_25)
FN:158,(anonymous_26)
FN:160,(anonymous_27)
FN:164,(anonymous_28)
FNF:29
FNH:0
FNDA:0,Roles
FNDA:0,(anonymous_1)
FNDA:0,(anonymous_2)
FNDA:0,(anonymous_3)
FNDA:0,(anonymous_4)
FNDA:0,(anonymous_5)
FNDA:0,(anonymous_6)
FNDA:0,(anonymous_7)
FNDA:0,(anonymous_8)
FNDA:0,(anonymous_9)
FNDA:0,(anonymous_10)
FNDA:0,(anonymous_11)
FNDA:0,(anonymous_12)
FNDA:0,(anonymous_13)
FNDA:0,(anonymous_14)
FNDA:0,(anonymous_15)
FNDA:0,(anonymous_16)
FNDA:0,(anonymous_17)
FNDA:0,(anonymous_18)
FNDA:0,(anonymous_19)
FNDA:0,(anonymous_20)
FNDA:0,(anonymous_21)
FNDA:0,(anonymous_22)
FNDA:0,(anonymous_23)
FNDA:0,(anonymous_24)
FNDA:0,(anonymous_25)
FNDA:0,(anonymous_26)
FNDA:0,(anonymous_27)
FNDA:0,(anonymous_28)
DA:10,0
DA:13,0
DA:14,0
DA:15,0
DA:16,0
DA:17,0
DA:19,0
DA:20,0
DA:21,0
DA:22,0
DA:23,0
DA:25,0
DA:28,0
DA:29,0
DA:30,0
DA:31,0
DA:33,0
DA:36,0
DA:37,0
DA:38,0
DA:39,0
DA:41,0
DA:44,0
DA:45,0
DA:46,0
DA:47,0
DA:48,0
DA:49,0
DA:50,0
DA:52,0
DA:53,0
DA:55,0
DA:56,0
DA:58,0
DA:62,0
DA:63,0
DA:64,0
DA:65,0
DA:66,0
DA:67,0
DA:68,0
DA:71,0
DA:72,0
DA:73,0
DA:74,0
DA:77,0
DA:108,0
DA:109,0
DA:110,0
DA:112,0
DA:118,0
DA:128,0
DA:133,0
DA:141,0
DA:142,0
DA:158,0
DA:160,0
DA:164,0
LF:58
LH:0
BRDA:29,0,0,0
BRDA:29,0,1,0
BRDA:30,1,0,0
BRDA:30,1,1,0
BRDA:31,2,0,0
BRDA:31,2,1,0
BRDA:37,3,0,0
BRDA:37,3,1,0
BRDA:37,3,2,0
BRDA:38,4,0,0
BRDA:38,4,1,0
BRDA:46,5,0,0
BRDA:46,5,1,0
BRDA:48,6,0,0
BRDA:48,6,1,0
BRDA:53,7,0,0
BRDA:53,7,1,0
BRDA:109,8,0,0
BRDA:109,8,1,0
BRDA:110,9,0,0
BRDA:110,9,1,0
BRDA:114,10,0,0
BRDA:114,10,1,0
BRDA:117,11,0,0
BRDA:117,11,1,0
BRDA:125,12,0,0
BRDA:125,12,1,0
BRDA:146,13,0,0
BRDA:146,13,1,0
BRDA:151,14,0,0
BRDA:151,14,1,0
BRDA:152,15,0,0
BRDA:152,15,1,0
BRDA:156,16,0,0
BRDA:156,16,1,0
BRDA:159,17,0,0
BRDA:159,17,1,0
BRDA:175,18,0,0
BRDA:175,18,1,0
BRF:39
BRH:0
end_of_record
TN:
SF:src/modules/accesos/pages/Sesiones.tsx
FN:7,formatFecha
FN:17,parsearDispositivo
FN:27,Sesiones
FN:33,(anonymous_3)
FN:45,(anonymous_4)
FN:48,(anonymous_5)
FN:51,(anonymous_6)
FN:56,(anonymous_7)
FN:56,(anonymous_8)
FN:108,(anonymous_9)
FN:133,(anonymous_10)
FNF:11
FNH:0
FNDA:0,formatFecha
FNDA:0,parsearDispositivo
FNDA:0,Sesiones
FNDA:0,(anonymous_3)
FNDA:0,(anonymous_4)
FNDA:0,(anonymous_5)
FNDA:0,(anonymous_6)
FNDA:0,(anonymous_7)
FNDA:0,(anonymous_8)
FNDA:0,(anonymous_9)
FNDA:0,(anonymous_10)
DA:5,0
DA:8,0
DA:18,0
DA:19,0
DA:20,0
DA:21,0
DA:22,0
DA:23,0
DA:24,0
DA:28,0
DA:29,0
DA:30,0
DA:31,0
DA:33,0
DA:34,0
DA:35,0
DA:36,0
DA:37,0
DA:39,0
DA:41,0
DA:45,0
DA:46,0
DA:47,0
DA:48,0
DA:51,0
DA:52,0
DA:53,0
DA:54,0
DA:55,0
DA:56,0
DA:58,0
DA:60,0
DA:64,0
DA:109,0
DA:133,0
LF:35
LH:0
BRDA:18,0,0,0
BRDA:18,0,1,0
BRDA:18,1,0,0
BRDA:18,1,1,0
BRDA:19,2,0,0
BRDA:19,2,1,0
BRDA:20,3,0,0
BRDA:20,3,1,0
BRDA:21,4,0,0
BRDA:21,4,1,0
BRDA:22,5,0,0
BRDA:22,5,1,0
BRDA:23,6,0,0
BRDA:23,6,1,0
BRDA:52,7,0,0
BRDA:52,7,1,0
BRDA:83,8,0,0
BRDA:83,8,1,0
BRDA:89,9,0,0
BRDA:89,9,1,0
BRDA:91,10,0,0
BRDA:91,10,1,0
BRDA:118,11,0,0
BRDA:118,11,1,0
BRDA:138,12,0,0
BRDA:138,12,1,0
BRDA:149,13,0,0
BRDA:149,13,1,0
BRDA:149,14,0,0
BRDA:149,14,1,0
BRF:30
BRH:0
end_of_record
TN:
SF:src/modules/accesos/pages/SignalScoringRules.tsx
FN:14,SignalScoringRules
FN:20,(anonymous_1)
FN:22,(anonymous_2)
FN:26,(anonymous_3)
FN:31,(anonymous_4)
FN:33,(anonymous_5)
FN:39,(anonymous_6)
FN:39,(anonymous_7)
FN:67,(anonymous_8)
FN:85,(anonymous_9)
FN:102,(anonymous_10)
FN:114,(anonymous_11)
FNF:12
FNH:0
FNDA:0,SignalScoringRules
FNDA:0,(anonymous_1)
FNDA:0,(anonymous_2)
FNDA:0,(anonymous_3)
FNDA:0,(anonymous_4)
FNDA:0,(anonymous_5)
FNDA:0,(anonymous_6)
FNDA:0,(anonymous_7)
FNDA:0,(anonymous_8)
FNDA:0,(anonymous_9)
FNDA:0,(anonymous_10)
FNDA:0,(anonymous_11)
DA:6,0
DA:8,0
DA:15,0
DA:16,0
DA:17,0
DA:18,0
DA:20,0
DA:22,0
DA:23,0
DA:26,0
DA:27,0
DA:28,0
DA:31,0
DA:33,0
DA:34,0
DA:35,0
DA:36,0
DA:37,0
DA:38,0
DA:39,0
DA:40,0
DA:42,0
DA:46,0
DA:68,0
DA:69,0
DA:70,0
DA:71,0
DA:85,0
DA:102,0
DA:114,0
LF:30
LH:0
BRDA:35,0,0,0
BRDA:35,0,1,0
BRDA:39,1,0,0
BRDA:39,1,1,0
BRDA:80,2,0,0
BRDA:80,2,1,0
BRDA:89,3,0,0
BRDA:89,3,1,0
BRDA:89,4,0,0
BRDA:89,4,1,0
BRDA:90,5,0,0
BRDA:90,5,1,0
BRDA:95,6,0,0
BRDA:95,6,1,0
BRDA:98,7,0,0
BRDA:98,7,1,0
BRDA:126,8,0,0
BRDA:126,8,1,0
BRF:18
BRH:0
end_of_record
TN:
SF:src/modules/accesos/pages/TransitionRules.tsx
FN:19,TransitionRules
FN:25,(anonymous_1)
FN:27,(anonymous_2)
FN:31,(anonymous_3)
FN:36,(anonymous_4)
FN:38,(anonymous_5)
FN:44,(anonymous_6)
FN:44,(anonymous_7)
FN:73,(anonymous_8)
FN:95,(anonymous_9)
FN:112,(anonymous_10)
FN:125,(anonymous_11)
FNF:12
FNH:0
FNDA:0,TransitionRules
FNDA:0,(anonymous_1)
FNDA:0,(anonymous_2)
FNDA:0,(anonymous_3)
FNDA:0,(anonymous_4)
FNDA:0,(anonymous_5)
FNDA:0,(anonymous_6)
FNDA:0,(anonymous_7)
FNDA:0,(anonymous_8)
FNDA:0,(anonymous_9)
FNDA:0,(anonymous_10)
FNDA:0,(anonymous_11)
DA:6,0
DA:8,0
DA:12,0
DA:20,0
DA:21,0
DA:22,0
DA:23,0
DA:25,0
DA:27,0
DA:28,0
DA:31,0
DA:32,0
DA:33,0
DA:36,0
DA:38,0
DA:39,0
DA:40,0
DA:41,0
DA:42,0
DA:43,0
DA:44,0
DA:45,0
DA:47,0
DA:51,0
DA:74,0
DA:75,0
DA:95,0
DA:112,0
DA:125,0
LF:29
LH:0
BRDA:33,0,0,0
BRDA:33,0,1,0
BRDA:40,1,0,0
BRDA:40,1,1,0
BRDA:44,2,0,0
BRDA:44,2,1,0
BRDA:80,3,0,0
BRDA:80,3,1,0
BRDA:86,4,0,0
BRDA:86,4,1,0
BRDA:90,5,0,0
BRDA:90,5,1,0
BRDA:100,6,0,0
BRDA:100,6,1,0
BRDA:105,7,0,0
BRDA:105,7,1,0
BRDA:108,8,0,0
BRDA:108,8,1,0
BRDA:124,9,0,0
BRDA:124,9,1,0
BRDA:138,10,0,0
BRDA:138,10,1,0
BRF:22
BRH:0
end_of_record
TN:
SF:src/modules/accesos/pages/Usuarios.tsx
FN:24,Usuarios
FN:32,(anonymous_1)
FN:34,(anonymous_2)
FN:40,(anonymous_3)
FN:41,(anonymous_4)
FN:42,(anonymous_5)
FN:44,(anonymous_6)
FN:57,(anonymous_7)
FN:64,(anonymous_8)
FN:65,(anonymous_9)
FN:66,(anonymous_10)
FN:67,(anonymous_11)
FN:68,(anonymous_12)
FN:70,(anonymous_13)
FN:74,(anonymous_14)
FN:77,(anonymous_15)
FN:94,(anonymous_16)
FN:135,(anonymous_17)
FN:141,(anonymous_18)
FN:147,(anonymous_19)
FN:153,(anonymous_20)
FN:159,(anonymous_21)
FN:165,(anonymous_22)
FN:171,(anonymous_23)
FN:177,(anonymous_24)
FN:177,(anonymous_25)
FN:179,(anonymous_26)
FN:206,(anonymous_27)
FN:209,(anonymous_28)
FN:210,(anonymous_29)
FN:214,(anonymous_30)
FN:215,(anonymous_31)
FN:217,(anonymous_32)
FNF:33
FNH:0
FNDA:0,Usuarios
FNDA:0,(anonymous_1)
FNDA:0,(anonymous_2)
FNDA:0,(anonymous_3)
FNDA:0,(anonymous_4)
FNDA:0,(anonymous_5)
FNDA:0,(anonymous_6)
FNDA:0,(anonymous_7)
FNDA:0,(anonymous_8)
FNDA:0,(anonymous_9)
FNDA:0,(anonymous_10)
FNDA:0,(anonymous_11)
FNDA:0,(anonymous_12)
FNDA:0,(anonymous_13)
FNDA:0,(anonymous_14)
FNDA:0,(anonymous_15)
FNDA:0,(anonymous_16)
FNDA:0,(anonymous_17)
FNDA:0,(anonymous_18)
FNDA:0,(anonymous_19)
FNDA:0,(anonymous_20)
FNDA:0,(anonymous_21)
FNDA:0,(anonymous_22)
FNDA:0,(anonymous_23)
FNDA:0,(anonymous_24)
FNDA:0,(anonymous_25)
FNDA:0,(anonymous_26)
FNDA:0,(anonymous_27)
FNDA:0,(anonymous_28)
FNDA:0,(anonymous_29)
FNDA:0,(anonymous_30)
FNDA:0,(anonymous_31)
FNDA:0,(anonymous_32)
DA:9,0
DA:19,0
DA:20,0
DA:25,0
DA:26,0
DA:27,0
DA:28,0
DA:29,0
DA:30,0
DA:32,0
DA:34,0
DA:35,0
DA:36,0
DA:37,0
DA:40,0
DA:41,0
DA:42,0
DA:44,0
DA:45,0
DA:46,0
DA:47,0
DA:48,0
DA:49,0
DA:50,0
DA:52,0
DA:53,0
DA:54,0
DA:57,0
DA:58,0
DA:59,0
DA:60,0
DA:61,0
DA:64,0
DA:65,0
DA:66,0
DA:67,0
DA:68,0
DA:70,0
DA:71,0
DA:72,0
DA:73,0
DA:74,0
DA:77,0
DA:79,0
DA:94,0
DA:136,0
DA:141,0
DA:147,0
DA:153,0
DA:159,0
DA:165,0
DA:171,0
DA:177,0
DA:179,0
DA:206,0
DA:209,0
DA:210,0
DA:214,0
DA:215,0
DA:217,0
LF:60
LH:0
BRDA:45,0,0,0
BRDA:45,0,1,0
BRDA:45,1,0,0
BRDA:45,1,1,0
BRDA:46,2,0,0
BRDA:46,2,1,0
BRDA:49,3,0,0
BRDA:49,3,1,0
BRDA:68,4,0,0
BRDA:68,4,1,0
BRDA:71,5,0,0
BRDA:71,5,1,0
BRDA:81,6,0,0
BRDA:81,6,1,0
BRDA:89,7,0,0
BRDA:89,7,1,0
BRDA:137,8,0,0
BRDA:137,8,1,0
BRDA:140,9,0,0
BRDA:140,9,1,0
BRDA:141,10,0,0
BRDA:141,10,1,0
BRDA:146,11,0,0
BRDA:146,11,1,0
BRDA:147,12,0,0
BRDA:147,12,1,0
BRDA:152,13,0,0
BRDA:152,13,1,0
BRDA:153,14,0,0
BRDA:153,14,1,0
BRDA:158,15,0,0
BRDA:158,15,1,0
BRDA:159,16,0,0
BRDA:159,16,1,0
BRDA:164,17,0,0
BRDA:164,17,1,0
BRDA:165,18,0,0
BRDA:165,18,1,0
BRDA:170,19,0,0
BRDA:170,19,1,0
BRDA:171,20,0,0
BRDA:171,20,1,0
BRDA:176,21,0,0
BRDA:176,21,1,0
BRDA:177,22,0,0
BRDA:177,22,1,0
BRDA:177,23,0,0
BRDA:177,23,1,0
BRDA:183,24,0,0
BRDA:183,24,1,0
BRDA:188,25,0,0
BRDA:188,25,1,0
BRDA:191,26,0,0
BRDA:191,26,1,0
BRDA:192,27,0,0
BRDA:192,27,1,0
BRDA:193,28,0,0
BRDA:193,28,1,0
BRDA:199,29,0,0
BRDA:199,29,1,0
BRDA:207,30,0,0
BRDA:207,30,1,0
BRDA:216,31,0,0
BRDA:216,31,1,0
BRDA:230,32,0,0
BRDA:230,32,1,0
BRF:66
BRH:0
end_of_record
TN:
SF:src/modules/accesos/pages/VentasPage.tsx
FN:17,VentasPage
FN:30,(anonymous_1)
FN:33,(anonymous_2)
FN:61,(anonymous_3)
FN:70,(anonymous_4)
FN:80,(anonymous_5)
FN:88,(anonymous_6)
FN:88,(anonymous_7)
FN:102,(anonymous_8)
FN:102,(anonymous_9)
FN:116,(anonymous_10)
FN:116,(anonymous_11)
FN:129,(anonymous_12)
FN:129,(anonymous_13)
FN:131,(anonymous_14)
FNF:15
FNH:0
FNDA:0,VentasPage
FNDA:0,(anonymous_1)
FNDA:0,(anonymous_2)
FNDA:0,(anonymous_3)
FNDA:0,(anonymous_4)
FNDA:0,(anonymous_5)
FNDA:0,(anonymous_6)
FNDA:0,(anonymous_7)
FNDA:0,(anonymous_8)
FNDA:0,(anonymous_9)
FNDA:0,(anonymous_10)
FNDA:0,(anonymous_11)
FNDA:0,(anonymous_12)
FNDA:0,(anonymous_13)
FNDA:0,(anonymous_14)
DA:11,0
DA:18,0
DA:20,0
DA:31,0
DA:33,0
DA:61,0
DA:70,0
DA:80,0
DA:88,0
DA:102,0
DA:116,0
DA:129,0
DA:131,0
LF:13
LH:0
BRDA:36,0,0,0
BRDA:36,0,1,0
BRDA:44,1,0,0
BRDA:44,1,1,0
BRDA:55,2,0,0
BRDA:55,2,1,0
BRDA:66,3,0,0
BRDA:66,3,1,0
BRDA:79,4,0,0
BRDA:79,4,1,0
BRDA:97,5,0,0
BRDA:97,5,1,0
BRDA:111,6,0,0
BRDA:111,6,1,0
BRDA:125,7,0,0
BRDA:125,7,1,0
BRF:16
BRH:0
end_of_record
TN:
SF:src/modules/accesos/pages/Welcome.tsx
FN:11,Welcome
FNF:1
FNH:0
FNDA:0,Welcome
DA:12,0
DA:17,0
DA:19,0
LF:3
LH:0
BRDA:32,0,0,0
BRDA:32,0,1,0
BRF:2
BRH:0
end_of_record
TN:
SF:src/modules/accesos/services/authService.ts
FN:7,(anonymous_0)
FNF:1
FNH:0
FNDA:0,(anonymous_0)
DA:5,0
DA:7,0
DA:8,0
DA:9,0
LF:4
LH:0
BRF:0
BRH:0
end_of_record
TN:
SF:src/modules/accesos/services/permisoService.ts
FN:8,(anonymous_0)
FNF:1
FNH:0
FNDA:0,(anonymous_0)
DA:6,0
DA:8,0
DA:9,0
DA:12,0
LF:4
LH:0
BRF:0
BRH:0
end_of_record
TN:
SF:src/modules/accesos/services/reportesService.ts
FN:29,(anonymous_0)
FN:41,(anonymous_1)
FN:59,(anonymous_2)
FNF:3
FNH:0
FNDA:0,(anonymous_0)
FNDA:0,(anonymous_1)
FNDA:0,(anonymous_2)
DA:4,0
DA:29,0
DA:30,0
DA:34,0
DA:35,0
DA:38,0
DA:41,0
DA:45,0
DA:47,0
DA:51,0
DA:52,0
DA:55,0
DA:56,0
DA:59,0
DA:63,0
DA:68,0
DA:74,0
DA:75,0
DA:78,0
DA:79,0
DA:80,0
DA:81,0
DA:82,0
DA:83,0
DA:84,0
DA:85,0
DA:86,0
LF:27
LH:0
BRDA:34,0,0,0
BRDA:34,0,1,0
BRDA:51,1,0,0
BRDA:51,1,1,0
BRDA:56,2,0,0
BRDA:56,2,1,0
BRDA:74,3,0,0
BRDA:74,3,1,0
BRF:8
BRH:0
end_of_record
TN:
SF:src/modules/accesos/services/rolService.ts
FN:8,(anonymous_0)
FN:13,(anonymous_1)
FN:18,(anonymous_2)
FN:25,(anonymous_3)
FNF:4
FNH:4
FNDA:2,(anonymous_0)
FNDA:1,(anonymous_1)
FNDA:1,(anonymous_2)
FNDA:1,(anonymous_3)
DA:6,1
DA:8,1
DA:9,2
DA:10,2
DA:13,1
DA:14,1
DA:15,1
DA:18,1
DA:21,1
DA:22,1
DA:25,1
DA:29,1
DA:30,1
LF:13
LH:13
BRF:0
BRH:0
end_of_record
TN:
SF:src/modules/accesos/services/salesRecordService.ts
FN:17,(anonymous_0)
FN:34,(anonymous_1)
FN:38,(anonymous_2)
FN:50,(anonymous_3)
FN:60,(anonymous_4)
FN:64,(anonymous_5)
FN:65,(anonymous_6)
FN:66,(anonymous_7)
FN:98,(anonymous_8)
FN:105,(anonymous_9)
FN:115,(anonymous_10)
FN:121,(anonymous_11)
FN:133,(anonymous_12)
FN:140,(anonymous_13)
FN:152,(anonymous_14)
FN:162,(anonymous_15)
FN:168,(anonymous_16)
FN:175,(anonymous_17)
FN:186,(anonymous_18)
FN:196,(anonymous_19)
FNF:20
FNH:20
FNDA:3,(anonymous_0)
FNDA:8,(anonymous_1)
FNDA:15,(anonymous_2)
FNDA:6,(anonymous_3)
FNDA:77,(anonymous_4)
FNDA:7,(anonymous_5)
FNDA:77,(anonymous_6)
FNDA:68,(anonymous_7)
FNDA:1,(anonymous_8)
FNDA:1,(anonymous_9)
FNDA:1,(anonymous_10)
FNDA:1,(anonymous_11)
FNDA:1,(anonymous_12)
FNDA:1,(anonymous_13)
FNDA:1,(anonymous_14)
FNDA:1,(anonymous_15)
FNDA:1,(anonymous_16)
FNDA:1,(anonymous_17)
FNDA:1,(anonymous_18)
FNDA:1,(anonymous_19)
DA:13,1
DA:17,1
DA:18,3
DA:19,3
DA:20,3
DA:21,3
DA:22,3
DA:25,3
DA:34,1
DA:37,8
DA:38,15
DA:39,8
DA:41,7
DA:50,7
DA:52,6
DA:53,6
DA:54,6
DA:55,6
DA:56,6
DA:60,7
DA:61,77
DA:64,7
DA:65,77
DA:66,68
DA:68,7
DA:69,7
DA:70,7
DA:71,1
DA:75,6
DA:90,7
DA:95,6
DA:98,1
DA:99,1
DA:102,1
DA:105,1
DA:109,1
DA:112,1
DA:115,1
DA:116,1
DA:121,1
DA:125,1
DA:128,1
DA:133,1
DA:134,1
DA:137,1
DA:140,1
DA:146,1
DA:149,1
DA:152,1
DA:156,1
DA:159,1
DA:162,1
DA:163,1
DA:168,1
DA:169,1
DA:172,1
DA:175,1
DA:180,1
DA:183,1
DA:186,1
DA:190,1
DA:193,1
DA:196,1
DA:197,1
LF:64
LH:64
BRDA:19,0,0,1
BRDA:19,0,1,2
BRDA:20,1,0,1
BRDA:20,1,1,2
BRDA:22,2,0,1
BRDA:22,2,1,2
BRDA:39,3,0,1
BRDA:39,3,1,7
BRDA:53,4,0,0
BRDA:53,4,1,6
BRDA:55,5,0,4
BRDA:55,5,1,2
BRDA:66,6,0,68
BRDA:66,6,1,0
BRDA:70,7,0,1
BRDA:70,7,1,6
BRF:16
BRH:14
end_of_record
TN:
SF:src/modules/accesos/services/sesionesService.ts
FN:22,(anonymous_0)
FN:29,(anonymous_1)
FNF:2
FNH:0
FNDA:0,(anonymous_0)
FNDA:0,(anonymous_1)
DA:5,0
DA:22,0
DA:23,0
DA:26,0
DA:29,0
DA:30,0
LF:6
LH:0
BRF:0
BRH:0
end_of_record
TN:
SF:src/modules/accesos/services/settingsService.ts
FN:8,(anonymous_0)
FN:13,(anonymous_1)
FN:18,(anonymous_2)
FN:23,(anonymous_3)
FNF:4
FNH:0
FNDA:0,(anonymous_0)
FNDA:0,(anonymous_1)
FNDA:0,(anonymous_2)
FNDA:0,(anonymous_3)
DA:6,0
DA:8,0
DA:9,0
DA:10,0
DA:13,0
DA:14,0
DA:15,0
DA:18,0
DA:19,0
DA:20,0
DA:23,0
DA:24,0
DA:25,0
LF:13
LH:0
BRF:0
BRH:0
end_of_record
TN:
SF:src/modules/accesos/services/usuarioService.ts
FN:8,(anonymous_0)
FN:13,(anonymous_1)
FN:18,(anonymous_2)
FN:23,(anonymous_3)
FN:28,(anonymous_4)
FN:32,(anonymous_5)
FN:37,(anonymous_6)
FNF:7
FNH:7
FNDA:1,(anonymous_0)
FNDA:1,(anonymous_1)
FNDA:1,(anonymous_2)
FNDA:1,(anonymous_3)
FNDA:1,(anonymous_4)
FNDA:1,(anonymous_5)
FNDA:1,(anonymous_6)
DA:6,1
DA:8,1
DA:9,1
DA:10,1
DA:13,1
DA:14,1
DA:15,1
DA:18,1
DA:19,1
DA:20,1
DA:23,1
DA:24,1
DA:25,1
DA:28,1
DA:29,1
DA:32,1
DA:33,1
DA:34,1
DA:37,1
DA:38,1
LF:20
LH:20
BRF:0
BRH:0
end_of_record
TN:
SF:src/modules/accesos/styles/style.ts
FNF:0
FNH:0
DA:1,0
LF:1
LH:0
BRF:0
BRH:0
end_of_record
TN:
SF:src/modules/accesos/types/permiso.ts
FNF:0
FNH:0
LF:0
LH:0
BRF:0
BRH:0
end_of_record
TN:
SF:src/modules/accesos/types/rol.ts
FNF:0
FNH:0
LF:0
LH:0
BRF:0
BRH:0
end_of_record
TN:
SF:src/modules/accesos/types/salesRecord.ts
FNF:0
FNH:0
DA:3,2
DA:10,2
DA:12,2
DA:14,2
LF:4
LH:4
BRF:0
BRH:0
end_of_record
TN:
SF:src/modules/accesos/types/settings.ts
FNF:0
FNH:0
LF:0
LH:0
BRF:0
BRH:0
end_of_record
TN:
SF:src/modules/accesos/types/usuario.ts
FNF:0
FNH:0
LF:0
LH:0
BRF:0
BRH:0
end_of_record
TN:
SF:src/modules/metaInbox/constants.ts
FNF:0
FNH:0
DA:1,5
DA:4,5
DA:5,5
DA:6,5
DA:42,5
LF:5
LH:5
BRF:0
BRH:0
end_of_record
TN:
SF:src/modules/metaInbox/styles.ts
FNF:0
FNH:0
DA:1,3
LF:1
LH:1
BRF:0
BRH:0
end_of_record
TN:
SF:src/modules/metaInbox/types.ts
FNF:0
FNH:0
LF:0
LH:0
BRF:0
BRH:0
end_of_record
TN:
SF:src/modules/metaInbox/utils.ts
FN:8,(anonymous_0)
FN:22,(anonymous_1)
FN:23,(anonymous_2)
FN:25,(anonymous_3)
FN:50,(anonymous_4)
FN:60,(anonymous_5)
FN:66,(anonymous_6)
FN:71,(anonymous_7)
FN:75,(anonymous_8)
FN:81,(anonymous_9)
FN:87,(anonymous_10)
FN:94,(anonymous_11)
FN:101,(anonymous_12)
FN:102,(anonymous_13)
FN:103,(anonymous_14)
FN:106,(anonymous_15)
FN:177,(anonymous_16)
FNF:17
FNH:14
FNDA:28,(anonymous_0)
FNDA:31,(anonymous_1)
FNDA:4,(anonymous_2)
FNDA:8,(anonymous_3)
FNDA:18,(anonymous_4)
FNDA:78,(anonymous_5)
FNDA:18,(anonymous_6)
FNDA:20,(anonymous_7)
FNDA:0,(anonymous_8)
FNDA:0,(anonymous_9)
FNDA:5,(anonymous_10)
FNDA:8,(anonymous_11)
FNDA:7,(anonymous_12)
FNDA:2,(anonymous_13)
FNDA:78,(anonymous_14)
FNDA:6,(anonymous_15)
FNDA:0,(anonymous_16)
DA:8,5
DA:9,28
DA:10,26
DA:11,26
DA:12,26
DA:13,26
DA:14,25
DA:15,25
DA:16,25
DA:17,25
DA:18,1
DA:19,1
DA:22,5
DA:23,31
DA:25,5
DA:26,8
DA:27,8
DA:28,8
DA:29,4
DA:31,4
DA:34,8
DA:35,8
DA:36,8
DA:44,8
DA:45,0
DA:47,4
DA:50,5
DA:51,18
DA:52,18
DA:53,3
DA:54,18
DA:55,18
DA:56,1
DA:57,0
DA:60,5
DA:61,78
DA:66,5
DA:67,18
DA:68,18
DA:71,20
DA:75,5
DA:76,0
DA:77,0
DA:78,0
DA:81,5
DA:82,0
DA:83,0
DA:84,0
DA:87,5
DA:88,5
DA:89,5
DA:90,0
DA:94,5
DA:98,8
DA:99,8
DA:101,7
DA:102,7
DA:103,7
DA:104,78
DA:106,7
DA:107,7
DA:108,1
DA:130,1
DA:133,6
DA:134,6
DA:172,8
DA:173,8
DA:174,8
DA:177,5
DA:178,0
DA:179,0
DA:180,0
DA:181,0
DA:182,0
DA:183,0
LF:75
LH:60
BRDA:9,0,0,2
BRDA:9,0,1,26
BRDA:11,1,0,0
BRDA:11,1,1,26
BRDA:13,2,0,1
BRDA:13,2,1,25
BRDA:15,3,0,0
BRDA:15,3,1,25
BRDA:17,4,0,24
BRDA:17,4,1,1
BRDA:23,5,0,4
BRDA:23,5,1,0
BRDA:23,6,0,4
BRDA:23,6,1,0
BRDA:26,7,0,8
BRDA:26,7,1,4
BRDA:27,8,0,4
BRDA:27,8,1,4
BRDA:28,9,0,4
BRDA:28,9,1,4
BRDA:28,10,0,8
BRDA:28,10,1,4
BRDA:31,11,0,0
BRDA:31,11,1,4
BRDA:35,12,0,8
BRDA:35,12,1,4
BRDA:37,13,0,0
BRDA:37,13,1,4
BRDA:39,14,0,0
BRDA:39,14,1,4
BRDA:39,15,0,4
BRDA:39,15,1,0
BRDA:44,16,0,0
BRDA:44,16,1,8
BRDA:44,17,0,8
BRDA:44,17,1,0
BRDA:52,18,0,15
BRDA:52,18,1,3
BRDA:53,19,0,3
BRDA:53,19,1,0
BRDA:55,20,0,2
BRDA:55,20,1,16
BRDA:56,21,0,1
BRDA:56,21,1,0
BRDA:61,22,0,78
BRDA:61,22,1,38
BRDA:67,23,0,18
BRDA:67,23,1,1
BRDA:76,24,0,0
BRDA:76,24,1,0
BRDA:77,25,0,0
BRDA:77,25,1,0
BRDA:82,26,0,0
BRDA:82,26,1,0
BRDA:83,27,0,0
BRDA:83,27,1,0
BRDA:88,28,0,5
BRDA:88,28,1,0
BRDA:89,29,0,5
BRDA:89,29,1,0
BRDA:89,30,0,5
BRDA:89,30,1,0
BRDA:98,31,0,7
BRDA:98,31,1,1
BRDA:99,32,0,1
BRDA:99,32,1,7
BRDA:102,33,0,2
BRDA:102,33,1,0
BRDA:104,34,0,2
BRDA:104,34,1,76
BRDA:104,35,0,1
BRDA:104,35,1,1
BRDA:107,36,0,1
BRDA:107,36,1,6
BRDA:109,37,0,0
BRDA:109,37,1,1
BRDA:113,38,0,0
BRDA:113,38,1,1
BRDA:114,39,0,0
BRDA:114,39,1,1
BRDA:115,40,0,0
BRDA:115,40,1,1
BRDA:116,41,0,0
BRDA:116,41,1,1
BRDA:117,42,0,0
BRDA:117,42,1,1
BRDA:118,43,0,0
BRDA:118,43,1,1
BRDA:119,44,0,0
BRDA:119,44,1,1
BRDA:120,45,0,0
BRDA:120,45,1,1
BRDA:121,46,0,0
BRDA:121,46,1,1
BRDA:123,47,0,0
BRDA:123,47,1,1
BRDA:124,48,0,0
BRDA:124,48,1,1
BRDA:125,49,0,0
BRDA:125,49,1,1
BRDA:126,50,0,0
BRDA:126,50,1,1
BRDA:126,51,0,0
BRDA:126,51,1,1
BRDA:127,52,0,0
BRDA:127,52,1,1
BRDA:127,53,0,0
BRDA:127,53,1,1
BRDA:128,54,0,0
BRDA:128,54,1,1
BRDA:128,55,0,0
BRDA:128,55,1,1
BRDA:136,56,0,0
BRDA:136,56,1,6
BRDA:137,57,0,0
BRDA:137,57,1,6
BRDA:138,58,0,0
BRDA:138,58,1,6
BRDA:140,59,0,1
BRDA:140,59,1,5
BRDA:141,60,0,1
BRDA:141,60,1,5
BRDA:142,61,0,0
BRDA:142,61,1,6
BRDA:143,62,0,0
BRDA:143,62,1,6
BRDA:153,63,0,8
BRDA:153,63,1,6
BRDA:154,64,0,8
BRDA:154,64,1,6
BRDA:155,65,0,8
BRDA:155,65,1,6
BRDA:156,66,0,1
BRDA:156,66,1,5
BRDA:158,67,0,1
BRDA:158,67,1,4
BRDA:161,68,0,0
BRDA:161,68,1,6
BRDA:163,69,0,0
BRDA:163,69,1,6
BRDA:166,70,0,0
BRDA:166,70,1,6
BRDA:168,71,0,0
BRDA:168,71,1,6
BRDA:178,72,0,0
BRDA:178,72,1,0
BRDA:179,73,0,0
BRDA:179,73,1,0
BRDA:180,74,0,0
BRDA:180,74,1,0
BRDA:181,75,0,0
BRDA:181,75,1,0
BRDA:182,76,0,0
BRDA:182,76,1,0
BRF:154
BRH:92
end_of_record
TN:
SF:src/modules/metaInbox/components/AttentionIcon.tsx
FN:4,(anonymous_0)
FN:17,(anonymous_1)
FNF:2
FNH:2
FNDA:15,(anonymous_0)
FNDA:15,(anonymous_1)
DA:4,1
DA:5,15
DA:6,15
DA:7,15
DA:8,15
DA:9,15
DA:17,1
DA:18,15
DA:19,15
DA:20,15
DA:21,15
LF:11
LH:11
BRDA:5,0,0,15
BRDA:5,0,1,0
BRDA:6,1,0,0
BRDA:6,1,1,15
BRDA:7,2,0,0
BRDA:7,2,1,15
BRDA:8,3,0,0
BRDA:8,3,1,15
BRDA:18,4,0,15
BRDA:18,4,1,0
BRDA:19,5,0,0
BRDA:19,5,1,15
BRDA:20,6,0,0
BRDA:20,6,1,15
BRF:14
BRH:7
end_of_record
TN:
SF:src/modules/metaInbox/components/ChannelIcon.tsx
FN:4,(anonymous_0)
FN:17,(anonymous_1)
FNF:2
FNH:2
FNDA:15,(anonymous_0)
FNDA:15,(anonymous_1)
DA:4,1
DA:5,15
DA:6,15
DA:7,2
DA:8,2
DA:9,0
DA:17,1
DA:18,15
DA:19,15
DA:20,15
DA:21,2
DA:22,0
LF:12
LH:10
BRDA:5,0,0,15
BRDA:5,0,1,0
BRDA:6,1,0,13
BRDA:6,1,1,2
BRDA:7,2,0,0
BRDA:7,2,1,2
BRDA:8,3,0,2
BRDA:8,3,1,0
BRDA:18,4,0,15
BRDA:18,4,1,0
BRDA:19,5,0,0
BRDA:19,5,1,15
BRDA:20,6,0,13
BRDA:20,6,1,2
BRDA:21,7,0,2
BRDA:21,7,1,0
BRF:16
BRH:10
end_of_record
TN:
SF:src/modules/metaInbox/components/ChatHeader.tsx
FN:15,(anonymous_0)
FN:21,(anonymous_1)
FNF:2
FNH:0
FNDA:0,(anonymous_0)
FNDA:0,(anonymous_1)
DA:15,0
DA:16,0
DA:21,0
DA:22,0
DA:23,0
DA:24,0
DA:25,0
DA:26,0
DA:27,0
DA:30,0
LF:10
LH:0
BRDA:16,0,0,0
BRDA:16,0,1,0
BRDA:18,1,0,0
BRDA:18,1,1,0
BRDA:22,2,0,0
BRDA:22,2,1,0
BRDA:23,3,0,0
BRDA:23,3,1,0
BRDA:24,4,0,0
BRDA:24,4,1,0
BRDA:25,5,0,0
BRDA:25,5,1,0
BRDA:26,6,0,0
BRDA:26,6,1,0
BRDA:51,7,0,0
BRDA:51,7,1,0
BRF:16
BRH:0
end_of_record
TN:
SF:src/modules/metaInbox/components/ComposerView.tsx
FN:26,(anonymous_0)
FN:53,(anonymous_1)
FN:65,(anonymous_2)
FN:69,(anonymous_3)
FN:87,(anonymous_4)
FN:88,(anonymous_5)
FN:128,(anonymous_6)
FN:157,(anonymous_7)
FN:167,(anonymous_8)
FNF:9
FNH:6
FNDA:21,(anonymous_0)
FNDA:1,(anonymous_1)
FNDA:4,(anonymous_2)
FNDA:1,(anonymous_3)
FNDA:1,(anonymous_4)
FNDA:3,(anonymous_5)
FNDA:0,(anonymous_6)
FNDA:0,(anonymous_7)
FNDA:0,(anonymous_8)
DA:26,1
DA:43,21
DA:53,1
DA:66,4
DA:70,1
DA:71,1
DA:87,1
DA:89,3
DA:90,1
DA:91,1
DA:93,3
DA:94,1
DA:95,1
DA:129,0
DA:130,0
DA:131,0
DA:158,0
DA:159,0
DA:168,0
DA:169,0
LF:20
LH:13
BRDA:45,0,0,21
BRDA:45,0,1,3
BRDA:63,1,0,21
BRDA:63,1,1,3
BRDA:82,2,0,2
BRDA:82,2,1,19
BRDA:89,3,0,1
BRDA:89,3,1,2
BRDA:89,4,0,3
BRDA:89,4,1,2
BRDA:93,5,0,1
BRDA:93,5,1,2
BRDA:93,6,0,3
BRDA:93,6,1,1
BRDA:99,7,0,2
BRDA:99,7,1,19
BRDA:101,8,0,3
BRDA:101,8,1,16
BRDA:112,9,0,1
BRDA:112,9,1,20
BRDA:119,10,0,2
BRDA:119,10,1,19
BRDA:130,11,0,0
BRDA:130,11,1,0
BRDA:146,12,0,21
BRDA:146,12,1,19
BRDA:146,12,2,19
BRDA:146,12,3,17
BRDA:155,13,0,21
BRDA:155,13,1,1
BRDA:164,14,0,21
BRDA:164,14,1,1
BRF:32
BRH:30
end_of_record
TN:
SF:src/modules/metaInbox/components/ContactPanel.tsx
FN:23,(anonymous_0)
FN:64,(anonymous_1)
FN:69,(anonymous_2)
FN:77,(anonymous_3)
FN:82,(anonymous_4)
FN:90,(anonymous_5)
FN:95,(anonymous_6)
FN:118,(anonymous_7)
FN:127,(anonymous_8)
FN:158,(anonymous_9)
FN:162,(anonymous_10)
FN:171,(anonymous_11)
FNF:12
FNH:0
FNDA:0,(anonymous_0)
FNDA:0,(anonymous_1)
FNDA:0,(anonymous_2)
FNDA:0,(anonymous_3)
FNDA:0,(anonymous_4)
FNDA:0,(anonymous_5)
FNDA:0,(anonymous_6)
FNDA:0,(anonymous_7)
FNDA:0,(anonymous_8)
FNDA:0,(anonymous_9)
FNDA:0,(anonymous_10)
FNDA:0,(anonymous_11)
DA:23,0
DA:37,0
DA:39,0
DA:43,0
DA:64,0
DA:70,0
DA:77,0
DA:83,0
DA:90,0
DA:96,0
DA:118,0
DA:127,0
DA:159,0
DA:162,0
DA:171,0
LF:15
LH:0
BRDA:37,0,0,0
BRDA:37,0,1,0
BRDA:46,1,0,0
BRDA:46,1,1,0
BRDA:105,2,0,0
BRDA:105,2,1,0
BRDA:106,3,0,0
BRDA:106,3,1,0
BRDA:109,4,0,0
BRDA:109,4,1,0
BRDA:113,5,0,0
BRDA:113,5,1,0
BRDA:123,6,0,0
BRDA:123,6,1,0
BRDA:132,7,0,0
BRDA:132,7,1,0
BRDA:137,8,0,0
BRDA:137,8,1,0
BRDA:161,9,0,0
BRDA:161,9,1,0
BRDA:170,10,0,0
BRDA:170,10,1,0
BRDA:180,11,0,0
BRDA:180,11,1,0
BRDA:180,11,2,0
BRDA:185,12,0,0
BRDA:185,12,1,0
BRDA:188,13,0,0
BRDA:188,13,1,0
BRDA:194,14,0,0
BRDA:194,14,1,0
BRDA:195,15,0,0
BRDA:195,15,1,0
BRDA:196,16,0,0
BRDA:196,16,1,0
BRF:35
BRH:0
end_of_record
TN:
SF:src/modules/metaInbox/components/MessageBubble.tsx
FN:10,(anonymous_0)
FNF:1
FNH:1
FNDA:8,(anonymous_0)
DA:10,1
DA:11,8
DA:12,8
DA:14,8
LF:4
LH:4
BRDA:15,0,0,1
BRDA:15,0,1,7
BRDA:16,1,0,1
BRDA:16,1,1,7
BRDA:17,2,0,8
BRDA:17,2,1,2
BRDA:25,3,0,8
BRDA:25,3,1,2
BRDA:31,4,0,3
BRDA:31,4,1,5
BRDA:31,5,0,8
BRDA:31,5,1,7
BRDA:31,5,2,5
BRDA:33,6,0,1
BRDA:33,6,1,4
BRDA:37,7,0,1
BRDA:37,7,1,7
BRF:17
BRH:17
end_of_record
TN:
SF:src/modules/metaInbox/components/ResizeHandle.tsx
FN:7,(anonymous_0)
FNF:1
FNH:0
FNDA:0,(anonymous_0)
DA:7,0
DA:8,0
LF:2
LH:0
BRF:0
BRH:0
end_of_record
TN:
SF:src/modules/metaInbox/components/ThreadItem.tsx
FN:20,(anonymous_0)
FN:37,(anonymous_1)
FN:45,(anonymous_2)
FNF:3
FNH:3
FNDA:15,(anonymous_0)
FNDA:15,(anonymous_1)
FNDA:15,(anonymous_2)
DA:20,1
DA:30,15
DA:31,15
DA:32,15
DA:33,15
DA:34,15
DA:35,15
DA:37,15
DA:38,15
DA:39,2
DA:42,15
DA:45,15
DA:46,15
DA:47,15
DA:48,13
DA:49,0
DA:50,0
DA:51,0
DA:55,15
DA:57,15
LF:20
LH:17
BRDA:30,0,0,15
BRDA:30,0,1,0
BRDA:32,1,0,15
BRDA:32,1,1,15
BRDA:33,2,0,14
BRDA:33,2,1,1
BRDA:33,3,0,1
BRDA:33,3,1,0
BRDA:34,4,0,14
BRDA:34,4,1,1
BRDA:34,5,0,15
BRDA:34,5,1,14
BRDA:38,6,0,13
BRDA:38,6,1,2
BRDA:38,7,0,15
BRDA:38,7,1,0
BRDA:42,8,0,1
BRDA:42,8,1,1
BRDA:46,9,0,15
BRDA:46,9,1,0
BRDA:47,10,0,2
BRDA:47,10,1,13
BRDA:48,11,0,13
BRDA:48,11,1,0
BRDA:49,12,0,0
BRDA:49,12,1,0
BRDA:50,13,0,0
BRDA:50,13,1,0
BRDA:55,14,0,15
BRDA:55,14,1,14
BRDA:59,15,0,0
BRDA:59,15,1,15
BRDA:78,16,0,15
BRDA:78,16,1,1
BRDA:80,17,0,15
BRDA:80,17,1,1
BRDA:95,18,0,15
BRDA:95,18,1,0
BRDA:99,19,0,15
BRDA:99,19,1,14
BRDA:111,20,0,6
BRDA:111,20,1,9
BRDA:117,21,0,15
BRDA:117,21,1,6
BRDA:122,22,0,6
BRDA:122,22,1,2
BRF:46
BRH:35
end_of_record
TN:
SF:src/modules/metaInbox/components/ThreadSidebar.tsx
FN:33,(anonymous_0)
FN:67,(anonymous_1)
FN:69,(anonymous_2)
FN:74,(anonymous_3)
FN:95,(anonymous_4)
FN:105,(anonymous_5)
FN:110,(anonymous_6)
FN:126,(anonymous_7)
FN:131,(anonymous_8)
FN:146,(anonymous_9)
FN:152,(anonymous_10)
FN:153,(anonymous_11)
FN:155,(anonymous_12)
FN:159,(anonymous_13)
FNF:14
FNH:0
FNDA:0,(anonymous_0)
FNDA:0,(anonymous_1)
FNDA:0,(anonymous_2)
FNDA:0,(anonymous_3)
FNDA:0,(anonymous_4)
FNDA:0,(anonymous_5)
FNDA:0,(anonymous_6)
FNDA:0,(anonymous_7)
FNDA:0,(anonymous_8)
FNDA:0,(anonymous_9)
FNDA:0,(anonymous_10)
FNDA:0,(anonymous_11)
FNDA:0,(anonymous_12)
FNDA:0,(anonymous_13)
DA:33,0
DA:56,0
DA:68,0
DA:69,0
DA:70,0
DA:71,0
DA:74,0
DA:95,0
DA:105,0
DA:111,0
DA:126,0
DA:132,0
DA:147,0
DA:152,0
DA:153,0
DA:156,0
DA:157,0
DA:160,0
DA:161,0
DA:162,0
LF:20
LH:0
BRDA:59,0,0,0
BRDA:59,0,1,0
BRDA:63,1,0,0
BRDA:63,1,1,0
BRDA:76,2,0,0
BRDA:76,2,1,0
BRDA:112,3,0,0
BRDA:112,3,1,0
BRDA:114,4,0,0
BRDA:114,4,1,0
BRDA:116,5,0,0
BRDA:116,5,1,0
BRDA:118,6,0,0
BRDA:118,6,1,0
BRDA:140,7,0,0
BRDA:140,7,1,0
BRDA:167,8,0,0
BRDA:167,8,1,0
BRDA:167,8,2,0
BRF:19
BRH:0
end_of_record
TN:
SF:src/modules/metaInbox/hooks/useComposer.ts
FN:5,useComposer
FN:14,(anonymous_1)
FN:15,(anonymous_2)
FN:18,(anonymous_3)
FN:27,(anonymous_4)
FN:31,(anonymous_5)
FN:37,(anonymous_6)
FN:40,(anonymous_7)
FN:43,(anonymous_8)
FNF:9
FNH:8
FNDA:20,useComposer
FNDA:9,(anonymous_1)
FNDA:0,(anonymous_2)
FNDA:16,(anonymous_3)
FNDA:5,(anonymous_4)
FNDA:4,(anonymous_5)
FNDA:1,(anonymous_6)
FNDA:1,(anonymous_7)
FNDA:1,(anonymous_8)
DA:6,20
DA:7,20
DA:8,20
DA:9,20
DA:10,20
DA:11,20
DA:12,20
DA:14,20
DA:15,9
DA:18,20
DA:19,16
DA:20,16
DA:21,0
DA:22,0
DA:23,0
DA:24,0
DA:27,20
DA:28,5
DA:29,5
DA:30,2
DA:31,4
DA:33,3
DA:37,20
DA:38,1
DA:39,1
DA:40,1
DA:43,20
DA:44,1
DA:45,1
DA:48,20
LF:30
LH:26
BRDA:20,0,0,16
BRDA:20,0,1,0
BRDA:24,1,0,0
BRDA:24,1,1,0
BRDA:29,2,0,2
BRDA:29,2,1,3
BRDA:29,3,0,5
BRDA:29,3,1,2
BRF:8
BRH:5
end_of_record
TN:
SF:src/modules/metaInbox/hooks/useContactForm.ts
FN:19,useContactForm
FN:27,(anonymous_1)
FN:43,(anonymous_2)
FNF:3
FNH:3
FNDA:21,useContactForm
FNDA:9,(anonymous_1)
FNDA:4,(anonymous_2)
DA:6,1
DA:23,21
DA:24,21
DA:25,21
DA:27,21
DA:28,9
DA:29,8
DA:43,21
DA:44,4
DA:45,3
DA:46,3
DA:47,3
DA:48,3
DA:60,4
DA:61,2
DA:77,1
DA:79,3
DA:83,21
LF:18
LH:18
BRDA:28,0,0,1
BRDA:28,0,1,8
BRDA:30,1,0,8
BRDA:30,1,1,0
BRDA:31,2,0,9
BRDA:31,2,1,0
BRDA:32,3,0,9
BRDA:32,3,1,0
BRDA:33,4,0,9
BRDA:33,4,1,0
BRDA:34,5,0,9
BRDA:34,5,1,0
BRDA:35,6,0,9
BRDA:35,6,1,0
BRDA:36,7,0,9
BRDA:36,7,1,0
BRDA:37,8,0,9
BRDA:37,8,1,0
BRDA:38,9,0,9
BRDA:38,9,1,0
BRDA:39,10,0,9
BRDA:39,10,1,0
BRDA:44,11,0,1
BRDA:44,11,1,3
BRDA:49,12,0,3
BRDA:49,12,1,0
BRDA:50,13,0,4
BRDA:50,13,1,0
BRDA:51,14,0,4
BRDA:51,14,1,0
BRDA:52,15,0,4
BRDA:52,15,1,0
BRDA:53,16,0,4
BRDA:53,16,1,0
BRDA:54,17,0,4
BRDA:54,17,1,0
BRDA:55,18,0,4
BRDA:55,18,1,0
BRDA:56,19,0,4
BRDA:56,19,1,0
BRDA:57,20,0,4
BRDA:57,20,1,0
BRDA:58,21,0,4
BRDA:58,21,1,0
BRDA:66,22,0,2
BRDA:66,22,1,0
BRDA:67,23,0,4
BRDA:67,23,1,0
BRDA:69,24,0,4
BRDA:69,24,1,0
BRDA:70,25,0,4
BRDA:70,25,1,0
BRDA:74,26,0,4
BRDA:74,26,1,0
BRDA:77,27,0,1
BRDA:77,27,1,0
BRF:56
BRH:30
end_of_record
TN:
SF:src/modules/metaInbox/hooks/useMetaInbox.ts
FN:38,(anonymous_0)
FN:40,useMetaInbox
FN:62,(anonymous_2)
FN:68,(anonymous_3)
FN:74,(anonymous_4)
FN:75,(anonymous_5)
FN:82,(anonymous_6)
FN:85,(anonymous_7)
FN:89,(anonymous_8)
FN:98,(anonymous_9)
FN:99,(anonymous_10)
FN:118,(anonymous_11)
FN:127,(anonymous_12)
FN:127,(anonymous_13)
FN:138,(anonymous_14)
FN:140,(anonymous_15)
FN:145,(anonymous_16)
FN:147,(anonymous_17)
FN:160,(anonymous_18)
FN:161,(anonymous_19)
FN:164,(anonymous_20)
FN:165,(anonymous_21)
FN:169,(anonymous_22)
FN:185,(anonymous_23)
FN:193,(anonymous_24)
FN:201,(anonymous_25)
FN:203,(anonymous_26)
FN:204,(anonymous_27)
FN:223,(anonymous_28)
FN:225,(anonymous_29)
FN:226,(anonymous_30)
FN:230,(anonymous_31)
FN:232,(anonymous_32)
FN:237,(anonymous_33)
FN:238,(anonymous_34)
FN:250,(anonymous_35)
FN:254,(anonymous_36)
FN:256,(anonymous_37)
FN:259,(anonymous_38)
FN:263,(anonymous_39)
FN:264,(anonymous_40)
FN:271,(anonymous_41)
FN:275,(anonymous_42)
FN:282,(anonymous_43)
FN:295,(anonymous_44)
FN:300,(anonymous_45)
FN:307,(anonymous_46)
FN:315,(anonymous_47)
FN:321,(anonymous_48)
FN:326,(anonymous_49)
FN:332,(anonymous_50)
FN:338,(anonymous_51)
FNF:52
FNH:18
FNDA:39,(anonymous_0)
FNDA:39,useMetaInbox
FNDA:22,(anonymous_2)
FNDA:7,(anonymous_3)
FNDA:0,(anonymous_4)
FNDA:0,(anonymous_5)
FNDA:31,(anonymous_6)
FNDA:0,(anonymous_7)
FNDA:0,(anonymous_8)
FNDA:0,(anonymous_9)
FNDA:0,(anonymous_10)
FNDA:31,(anonymous_11)
FNDA:39,(anonymous_12)
FNDA:7,(anonymous_13)
FNDA:37,(anonymous_14)
FNDA:5,(anonymous_15)
FNDA:37,(anonymous_16)
FNDA:5,(anonymous_17)
FNDA:3,(anonymous_18)
FNDA:0,(anonymous_19)
FNDA:0,(anonymous_20)
FNDA:0,(anonymous_21)
FNDA:37,(anonymous_22)
FNDA:39,(anonymous_23)
FNDA:3,(anonymous_24)
FNDA:0,(anonymous_25)
FNDA:0,(anonymous_26)
FNDA:0,(anonymous_27)
FNDA:0,(anonymous_28)
FNDA:0,(anonymous_29)
FNDA:0,(anonymous_30)
FNDA:0,(anonymous_31)
FNDA:0,(anonymous_32)
FNDA:0,(anonymous_33)
FNDA:0,(anonymous_34)
FNDA:0,(anonymous_35)
FNDA:0,(anonymous_36)
FNDA:0,(anonymous_37)
FNDA:0,(anonymous_38)
FNDA:0,(anonymous_39)
FNDA:0,(anonymous_40)
FNDA:0,(anonymous_41)
FNDA:0,(anonymous_42)
FNDA:0,(anonymous_43)
FNDA:0,(anonymous_44)
FNDA:0,(anonymous_45)
FNDA:0,(anonymous_46)
FNDA:0,(anonymous_47)
FNDA:0,(anonymous_48)
FNDA:0,(anonymous_49)
FNDA:5,(anonymous_50)
FNDA:2,(anonymous_51)
DA:37,1
DA:38,39
DA:41,39
DA:42,39
DA:43,39
DA:44,39
DA:46,39
DA:47,39
DA:48,39
DA:49,39
DA:50,39
DA:51,39
DA:52,39
DA:53,39
DA:54,39
DA:55,39
DA:56,39
DA:60,39
DA:62,22
DA:66,39
DA:68,7
DA:74,39
DA:75,0
DA:82,39
DA:83,31
DA:85,31
DA:86,0
DA:89,31
DA:90,0
DA:91,0
DA:93,0
DA:94,0
DA:96,0
DA:99,0
DA:100,0
DA:113,0
DA:118,31
DA:119,31
DA:120,31
DA:126,39
DA:127,39
DA:132,39
DA:135,39
DA:137,39
DA:139,37
DA:140,5
DA:145,39
DA:146,37
DA:147,37
DA:148,5
DA:149,5
DA:150,4
DA:151,4
DA:152,2
DA:154,2
DA:160,39
DA:161,3
DA:162,3
DA:163,0
DA:164,0
DA:165,0
DA:169,39
DA:170,37
DA:171,3
DA:172,3
DA:173,0
DA:174,0
DA:175,0
DA:176,0
DA:177,0
DA:178,0
DA:180,3
DA:181,2
DA:185,39
DA:186,39
DA:187,5
DA:188,0
DA:189,0
DA:190,0
DA:192,5
DA:193,5
DA:194,2
DA:195,2
DA:201,39
DA:202,0
DA:203,0
DA:204,0
DA:205,0
DA:215,0
DA:222,39
DA:223,0
DA:225,0
DA:226,0
DA:229,39
DA:230,0
DA:233,0
DA:234,0
DA:235,0
DA:236,0
DA:237,0
DA:238,0
DA:239,0
DA:248,0
DA:250,0
DA:253,39
DA:254,0
DA:257,0
DA:259,0
DA:262,39
DA:263,0
DA:265,0
DA:266,0
DA:267,0
DA:268,0
DA:269,0
DA:271,0
DA:274,39
DA:275,0
DA:283,0
DA:284,0
DA:285,0
DA:293,0
DA:295,0
DA:300,39
DA:301,0
DA:302,0
DA:303,0
DA:304,0
DA:307,39
DA:308,0
DA:309,0
DA:310,0
DA:311,0
DA:312,0
DA:315,39
DA:316,0
DA:317,0
DA:318,0
DA:321,39
DA:322,0
DA:323,0
DA:326,39
DA:327,0
DA:328,0
DA:329,0
DA:332,39
DA:333,5
DA:334,5
DA:335,5
DA:338,39
DA:339,2
DA:340,2
DA:341,2
DA:344,39
LF:154
LH:81
BRDA:60,0,0,39
BRDA:66,1,0,39
BRDA:75,2,0,0
BRDA:93,3,0,0
BRDA:93,3,1,0
BRDA:93,4,0,0
BRDA:93,4,1,0
BRDA:94,5,0,0
BRDA:94,5,1,0
BRDA:98,6,0,0
BRDA:99,7,0,0
BRDA:99,7,1,0
BRDA:102,8,0,0
BRDA:102,8,1,0
BRDA:104,9,0,0
BRDA:104,9,1,0
BRDA:105,10,0,0
BRDA:105,10,1,0
BRDA:106,11,0,0
BRDA:106,11,1,0
BRDA:107,12,0,0
BRDA:107,12,1,0
BRDA:108,13,0,0
BRDA:108,13,1,0
BRDA:109,14,0,0
BRDA:109,14,1,0
BRDA:110,15,0,0
BRDA:110,15,1,0
BRDA:111,16,0,0
BRDA:111,16,1,0
BRDA:127,17,0,39
BRDA:127,17,1,36
BRDA:132,18,0,39
BRDA:132,18,1,3
BRDA:132,19,0,39
BRDA:132,19,1,36
BRDA:133,20,0,3
BRDA:133,20,1,3
BRDA:135,21,0,39
BRDA:135,21,1,3
BRDA:140,22,0,5
BRDA:140,22,1,0
BRDA:148,23,0,0
BRDA:148,23,1,5
BRDA:149,24,0,1
BRDA:149,24,1,4
BRDA:149,25,0,5
BRDA:149,25,1,2
BRDA:149,26,0,2
BRDA:149,26,1,0
BRDA:150,27,0,0
BRDA:150,27,1,4
BRDA:150,28,0,4
BRDA:150,28,1,0
BRDA:150,29,0,0
BRDA:150,29,1,0
BRDA:151,30,0,2
BRDA:151,30,1,2
BRDA:161,31,0,0
BRDA:161,31,1,3
BRDA:161,32,0,0
BRDA:161,32,1,0
BRDA:162,33,0,3
BRDA:162,33,1,0
BRDA:164,34,0,0
BRDA:164,34,1,0
BRDA:170,35,0,34
BRDA:170,35,1,3
BRDA:170,36,0,37
BRDA:170,36,1,3
BRDA:172,37,0,0
BRDA:172,37,1,3
BRDA:173,38,0,0
BRDA:173,38,1,0
BRDA:174,39,0,0
BRDA:174,39,1,0
BRDA:174,40,0,0
BRDA:174,40,1,0
BRDA:177,41,0,0
BRDA:177,41,1,0
BRDA:177,42,0,0
BRDA:177,42,1,0
BRDA:180,43,0,2
BRDA:180,43,1,1
BRDA:180,44,0,3
BRDA:180,44,1,2
BRDA:181,45,0,2
BRDA:181,45,1,0
BRDA:186,46,0,34
BRDA:186,46,1,5
BRDA:187,47,0,0
BRDA:187,47,1,5
BRDA:192,48,0,0
BRDA:192,48,1,5
BRDA:193,49,0,2
BRDA:193,49,1,3
BRDA:193,50,0,5
BRDA:193,50,1,3
BRDA:202,51,0,0
BRDA:202,51,1,0
BRDA:203,52,0,0
BRDA:204,53,0,0
BRDA:204,53,1,0
BRDA:207,54,0,0
BRDA:207,54,1,0
BRDA:208,55,0,0
BRDA:208,55,1,0
BRDA:209,56,0,0
BRDA:209,56,1,0
BRDA:212,57,0,0
BRDA:212,57,1,0
BRDA:218,58,0,0
BRDA:218,58,1,0
BRDA:226,59,0,0
BRDA:226,59,1,0
BRDA:233,60,0,0
BRDA:233,60,1,0
BRDA:233,61,0,0
BRDA:233,61,1,0
BRDA:234,62,0,0
BRDA:234,62,1,0
BRDA:235,63,0,0
BRDA:235,63,1,0
BRDA:235,64,0,0
BRDA:235,64,1,0
BRDA:236,65,0,0
BRDA:236,65,1,0
BRDA:237,66,0,0
BRDA:238,67,0,0
BRDA:238,67,1,0
BRDA:240,68,0,0
BRDA:240,68,1,0
BRDA:241,69,0,0
BRDA:241,69,1,0
BRDA:242,70,0,0
BRDA:242,70,1,0
BRDA:244,71,0,0
BRDA:244,71,1,0
BRDA:245,72,0,0
BRDA:245,72,1,0
BRDA:248,73,0,0
BRDA:248,73,1,0
BRDA:250,74,0,0
BRDA:250,74,1,0
BRDA:259,75,0,0
BRDA:259,75,1,0
BRDA:271,76,0,0
BRDA:271,76,1,0
BRDA:283,77,0,0
BRDA:283,77,1,0
BRDA:283,77,2,0
BRDA:284,78,0,0
BRDA:284,78,1,0
BRDA:284,79,0,0
BRDA:284,79,1,0
BRDA:284,80,0,0
BRDA:284,80,1,0
BRDA:289,81,0,0
BRDA:289,81,1,0
BRDA:291,82,0,0
BRDA:291,82,1,0
BRDA:295,83,0,0
BRDA:295,83,1,0
BRDA:301,84,0,0
BRDA:301,84,1,0
BRDA:301,85,0,0
BRDA:301,85,1,0
BRDA:302,86,0,0
BRDA:302,86,1,0
BRDA:308,87,0,0
BRDA:308,87,1,0
BRDA:309,88,0,0
BRDA:309,88,1,0
BRDA:316,89,0,0
BRDA:316,89,1,0
BRDA:332,90,0,5
BRDA:335,91,0,2
BRDA:335,91,1,3
BRDA:350,92,0,0
BRDA:350,92,1,39
BRDA:350,93,0,0
BRDA:350,93,1,0
BRF:182
BRH:47
end_of_record
TN:
SF:src/modules/metaInbox/hooks/usePanelResize.ts
FN:3,usePanelResize
FN:10,(anonymous_1)
FN:21,(anonymous_2)
FN:22,(anonymous_3)
FN:27,(anonymous_4)
FN:35,(anonymous_5)
FNF:6
FNH:0
FNDA:0,usePanelResize
FNDA:0,(anonymous_1)
FNDA:0,(anonymous_2)
FNDA:0,(anonymous_3)
FNDA:0,(anonymous_4)
FNDA:0,(anonymous_5)
DA:4,0
DA:5,0
DA:6,0
DA:7,0
DA:9,0
DA:11,0
DA:12,0
DA:13,0
DA:14,0
DA:15,0
DA:16,0
DA:21,0
DA:22,0
DA:23,0
DA:24,0
DA:25,0
DA:27,0
DA:28,0
DA:29,0
DA:30,0
DA:31,0
DA:33,0
DA:34,0
DA:35,0
DA:36,0
DA:37,0
DA:41,0
LF:27
LH:0
BRDA:23,0,0,0
BRDA:23,0,1,0
BRDA:28,1,0,0
BRDA:28,1,1,0
BRF:4
BRH:0
end_of_record
TN:
SF:src/modules/ventas/constants.ts
FNF:0
FNH:0
DA:4,2
DA:6,2
DA:8,2
DA:10,2
DA:12,2
DA:17,2
LF:6
LH:6
BRF:0
BRH:0
end_of_record
TN:
SF:src/modules/ventas/utils.ts
FN:1,formatFecha
FN:6,formatPrecio
FN:10,progressInfo
FNF:3
FNH:3
FNDA:1,formatFecha
FNDA:1,formatPrecio
FNDA:12,progressInfo
DA:2,1
DA:3,1
DA:7,1
DA:14,12
DA:15,11
DA:16,2
DA:21,9
LF:7
LH:7
BRDA:14,0,0,1
BRDA:14,0,1,11
BRDA:15,1,0,2
BRDA:15,1,1,9
BRF:4
BRH:4
end_of_record
TN:
SF:src/modules/ventas/components/CatalogoTable.tsx
FN:19,(anonymous_0)
FN:63,(anonymous_1)
FN:70,(anonymous_2)
FN:75,(anonymous_3)
FN:76,(anonymous_4)
FN:82,(anonymous_5)
FN:87,(anonymous_6)
FN:88,(anonymous_7)
FN:100,(anonymous_8)
FN:101,(anonymous_9)
FN:112,(anonymous_10)
FN:112,(anonymous_11)
FNF:12
FNH:7
FNDA:13,(anonymous_0)
FNDA:11,(anonymous_1)
FNDA:0,(anonymous_2)
FNDA:0,(anonymous_3)
FNDA:0,(anonymous_4)
FNDA:0,(anonymous_5)
FNDA:0,(anonymous_6)
FNDA:28,(anonymous_7)
FNDA:1,(anonymous_8)
FNDA:1,(anonymous_9)
FNDA:11,(anonymous_10)
FNDA:11,(anonymous_11)
DA:19,1
DA:30,13
DA:64,11
DA:65,11
DA:70,0
DA:75,0
DA:76,0
DA:82,0
DA:87,0
DA:88,28
DA:100,1
DA:101,1
DA:112,11
LF:13
LH:8
BRDA:60,0,0,13
BRDA:60,0,1,4
BRDA:67,1,0,11
BRDA:67,1,1,0
BRDA:69,2,0,4
BRDA:69,2,1,7
BRDA:70,3,0,4
BRDA:70,3,1,3
BRDA:74,4,0,0
BRDA:74,4,1,11
BRDA:74,5,0,11
BRDA:74,5,1,4
BRDA:75,6,0,0
BRDA:75,6,1,0
BRDA:81,7,0,4
BRDA:81,7,1,7
BRDA:82,8,0,4
BRDA:82,8,1,4
BRDA:86,9,0,4
BRDA:86,9,1,7
BRDA:87,10,0,4
BRDA:87,10,1,4
BRDA:93,11,0,4
BRDA:93,11,1,7
BRDA:112,12,0,6
BRDA:112,12,1,7
BRF:26
BRH:22
end_of_record
TN:
SF:src/modules/ventas/components/CsvImportBanner.tsx
FN:10,(anonymous_0)
FN:26,(anonymous_1)
FNF:2
FNH:2
FNDA:5,(anonymous_0)
FNDA:3,(anonymous_1)
DA:10,1
DA:11,5
DA:12,5
DA:27,3
LF:4
LH:4
BRDA:15,0,0,3
BRDA:15,0,1,2
BRDA:24,1,0,5
BRDA:24,1,1,2
BRF:4
BRH:4
end_of_record
TN:
SF:src/modules/ventas/components/PreciosTable.tsx
FN:20,(anonymous_0)
FN:65,(anonymous_1)
FN:72,(anonymous_2)
FN:77,(anonymous_3)
FN:86,(anonymous_4)
FN:97,(anonymous_5)
FN:98,(anonymous_6)
FN:109,(anonymous_7)
FN:109,(anonymous_8)
FNF:9
FNH:0
FNDA:0,(anonymous_0)
FNDA:0,(anonymous_1)
FNDA:0,(anonymous_2)
FNDA:0,(anonymous_3)
FNDA:0,(anonymous_4)
FNDA:0,(anonymous_5)
FNDA:0,(anonymous_6)
FNDA:0,(anonymous_7)
FNDA:0,(anonymous_8)
DA:20,0
DA:31,0
DA:66,0
DA:67,0
DA:72,0
DA:77,0
DA:86,0
DA:97,0
DA:98,0
DA:109,0
LF:10
LH:0
BRDA:62,0,0,0
BRDA:62,0,1,0
BRDA:69,1,0,0
BRDA:69,1,1,0
BRDA:71,2,0,0
BRDA:71,2,1,0
BRDA:71,3,0,0
BRDA:71,3,1,0
BRDA:72,4,0,0
BRDA:72,4,1,0
BRDA:76,5,0,0
BRDA:76,5,1,0
BRDA:76,6,0,0
BRDA:76,6,1,0
BRDA:77,7,0,0
BRDA:77,7,1,0
BRDA:85,8,0,0
BRDA:85,8,1,0
BRDA:86,9,0,0
BRDA:86,9,1,0
BRDA:90,10,0,0
BRDA:90,10,1,0
BRDA:109,11,0,0
BRDA:109,11,1,0
BRF:24
BRH:0
end_of_record
TN:
SF:src/modules/ventas/components/PuntosCard.tsx
FN:14,(anonymous_0)
FNF:1
FNH:1
FNDA:8,(anonymous_0)
DA:14,1
DA:15,8
DA:17,8
LF:3
LH:3
BRDA:15,0,0,8
BRDA:15,0,1,5
BRDA:15,1,0,8
BRDA:15,1,1,5
BRDA:39,2,0,8
BRDA:39,2,1,5
BRDA:43,3,0,8
BRDA:43,3,1,5
BRF:8
BRH:8
end_of_record
TN:
SF:src/modules/ventas/components/RegistrarVentaModal.tsx
FN:15,(anonymous_0)
FN:22,(anonymous_1)
FN:38,(anonymous_2)
FN:42,(anonymous_3)
FN:43,(anonymous_4)
FN:48,(anonymous_5)
FN:55,(anonymous_6)
FN:59,(anonymous_7)
FN:66,(anonymous_8)
FN:70,(anonymous_9)
FN:76,(anonymous_10)
FN:82,(anonymous_11)
FN:86,(anonymous_12)
FN:90,(anonymous_13)
FNF:14
FNH:5
FNDA:8,(anonymous_0)
FNDA:2,(anonymous_1)
FNDA:0,(anonymous_2)
FNDA:0,(anonymous_3)
FNDA:32,(anonymous_4)
FNDA:0,(anonymous_5)
FNDA:1,(anonymous_6)
FNDA:1,(anonymous_7)
FNDA:0,(anonymous_8)
FNDA:0,(anonymous_9)
FNDA:0,(anonymous_10)
FNDA:0,(anonymous_11)
FNDA:0,(anonymous_12)
FNDA:0,(anonymous_13)
DA:15,1
DA:22,8
DA:24,8
DA:38,0
DA:42,0
DA:43,32
DA:48,0
DA:55,1
DA:59,1
DA:66,0
DA:70,0
DA:76,0
DA:82,0
DA:86,0
DA:90,0
LF:15
LH:6
BRDA:100,0,0,1
BRDA:100,0,1,7
BRF:2
BRH:2
end_of_record
TN:
SF:src/modules/ventas/components/VentasTable.tsx
FN:20,(anonymous_0)
FN:58,(anonymous_1)
FN:65,(anonymous_2)
FN:70,(anonymous_3)
FN:75,(anonymous_4)
FN:80,(anonymous_5)
FN:85,(anonymous_6)
FN:90,(anonymous_7)
FN:110,(anonymous_8)
FN:111,(anonymous_9)
FNF:10
FNH:0
FNDA:0,(anonymous_0)
FNDA:0,(anonymous_1)
FNDA:0,(anonymous_2)
FNDA:0,(anonymous_3)
FNDA:0,(anonymous_4)
FNDA:0,(anonymous_5)
FNDA:0,(anonymous_6)
FNDA:0,(anonymous_7)
FNDA:0,(anonymous_8)
FNDA:0,(anonymous_9)
DA:20,0
DA:31,0
DA:59,0
DA:60,0
DA:65,0
DA:70,0
DA:75,0
DA:80,0
DA:85,0
DA:90,0
DA:110,0
DA:111,0
LF:12
LH:0
BRDA:51,0,0,0
BRDA:51,0,1,0
BRDA:64,1,0,0
BRDA:64,1,1,0
BRDA:65,2,0,0
BRDA:65,2,1,0
BRDA:69,3,0,0
BRDA:69,3,1,0
BRDA:70,4,0,0
BRDA:70,4,1,0
BRDA:74,5,0,0
BRDA:74,5,1,0
BRDA:75,6,0,0
BRDA:75,6,1,0
BRDA:79,7,0,0
BRDA:79,7,1,0
BRDA:80,8,0,0
BRDA:80,8,1,0
BRDA:84,9,0,0
BRDA:84,9,1,0
BRDA:85,10,0,0
BRDA:85,10,1,0
BRDA:89,11,0,0
BRDA:89,11,1,0
BRDA:90,12,0,0
BRDA:90,12,1,0
BRDA:103,13,0,0
BRDA:103,13,1,0
BRF:28
BRH:0
end_of_record
TN:
SF:src/modules/ventas/hooks/useVentasPage.ts
FN:29,useVentasPage
FN:53,(anonymous_1)
FN:58,(anonymous_2)
FN:75,(anonymous_3)
FN:76,(anonymous_4)
FN:77,(anonymous_5)
FN:80,(anonymous_6)
FN:81,(anonymous_7)
FN:82,(anonymous_8)
FN:87,(anonymous_9)
FN:88,(anonymous_10)
FN:91,(anonymous_11)
FN:96,(anonymous_12)
FN:100,(anonymous_13)
FN:101,(anonymous_14)
FN:105,(anonymous_15)
FN:106,(anonymous_16)
FN:115,(anonymous_17)
FN:116,(anonymous_18)
FN:125,(anonymous_19)
FN:128,(anonymous_20)
FN:136,(anonymous_21)
FN:140,(anonymous_22)
FN:146,(anonymous_23)
FN:149,(anonymous_24)
FN:157,(anonymous_25)
FN:161,(anonymous_26)
FN:167,(anonymous_27)
FN:168,(anonymous_28)
FN:169,(anonymous_29)
FN:171,(anonymous_30)
FN:176,(anonymous_31)
FN:180,(anonymous_32)
FN:189,(anonymous_33)
FN:198,(anonymous_34)
FN:200,(anonymous_35)
FN:205,(anonymous_36)
FN:206,(anonymous_37)
FN:209,(anonymous_38)
FN:209,(anonymous_39)
FN:211,(anonymous_40)
FN:212,(anonymous_41)
FN:217,(anonymous_42)
FN:219,(anonymous_43)
FN:224,(anonymous_44)
FN:225,(anonymous_45)
FN:228,(anonymous_46)
FN:228,(anonymous_47)
FN:230,(anonymous_48)
FN:231,(anonymous_49)
FNF:50
FNH:11
FNDA:35,useVentasPage
FNDA:29,(anonymous_1)
FNDA:29,(anonymous_2)
FNDA:6,(anonymous_3)
FNDA:1,(anonymous_4)
FNDA:5,(anonymous_5)
FNDA:9,(anonymous_6)
FNDA:1,(anonymous_7)
FNDA:8,(anonymous_8)
FNDA:0,(anonymous_9)
FNDA:0,(anonymous_10)
FNDA:0,(anonymous_11)
FNDA:0,(anonymous_12)
FNDA:0,(anonymous_13)
FNDA:0,(anonymous_14)
FNDA:0,(anonymous_15)
FNDA:0,(anonymous_16)
FNDA:0,(anonymous_17)
FNDA:0,(anonymous_18)
FNDA:0,(anonymous_19)
FNDA:0,(anonymous_20)
FNDA:0,(anonymous_21)
FNDA:0,(anonymous_22)
FNDA:0,(anonymous_23)
FNDA:0,(anonymous_24)
FNDA:0,(anonymous_25)
FNDA:0,(anonymous_26)
FNDA:2,(anonymous_27)
FNDA:1,(anonymous_28)
FNDA:0,(anonymous_29)
FNDA:0,(anonymous_30)
FNDA:0,(anonymous_31)
FNDA:0,(anonymous_32)
FNDA:0,(anonymous_33)
FNDA:0,(anonymous_34)
FNDA:0,(anonymous_35)
FNDA:0,(anonymous_36)
FNDA:0,(anonymous_37)
FNDA:0,(anonymous_38)
FNDA:0,(anonymous_39)
FNDA:0,(anonymous_40)
FNDA:0,(anonymous_41)
FNDA:0,(anonymous_42)
FNDA:0,(anonymous_43)
FNDA:0,(anonymous_44)
FNDA:0,(anonymous_45)
FNDA:0,(anonymous_46)
FNDA:0,(anonymous_47)
FNDA:0,(anonymous_48)
FNDA:0,(anonymous_49)
DA:30,35
DA:31,35
DA:33,35
DA:34,35
DA:35,35
DA:36,35
DA:37,35
DA:38,35
DA:39,35
DA:40,35
DA:41,35
DA:42,35
DA:43,35
DA:44,35
DA:45,35
DA:47,35
DA:51,35
DA:53,29
DA:56,35
DA:58,29
DA:61,35
DA:67,35
DA:75,35
DA:76,6
DA:77,5
DA:80,35
DA:81,9
DA:82,8
DA:87,35
DA:88,35
DA:90,35
DA:91,0
DA:96,0
DA:99,35
DA:100,0
DA:101,0
DA:104,35
DA:105,0
DA:107,0
DA:108,0
DA:109,0
DA:110,0
DA:114,35
DA:115,0
DA:117,0
DA:118,0
DA:119,0
DA:125,35
DA:127,35
DA:129,0
DA:130,0
DA:131,0
DA:132,0
DA:133,0
DA:136,0
DA:139,35
DA:140,0
DA:146,35
DA:148,35
DA:150,0
DA:151,0
DA:152,0
DA:153,0
DA:154,0
DA:157,0
DA:160,35
DA:161,0
DA:167,35
DA:168,35
DA:169,35
DA:171,35
DA:172,0
DA:173,0
DA:176,35
DA:177,0
DA:180,0
DA:181,0
DA:182,0
DA:184,0
DA:185,0
DA:189,35
DA:190,0
DA:191,0
DA:192,0
DA:193,0
DA:194,0
DA:195,0
DA:198,35
DA:199,0
DA:200,0
DA:201,0
DA:202,0
DA:205,35
DA:206,35
DA:207,0
DA:208,0
DA:209,0
DA:211,35
DA:212,35
DA:213,0
DA:214,0
DA:217,35
DA:218,0
DA:219,0
DA:220,0
DA:221,0
DA:224,35
DA:225,35
DA:226,0
DA:227,0
DA:228,0
DA:230,35
DA:231,35
DA:232,0
DA:233,0
DA:236,35
LF:116
LH:57
BRDA:51,0,0,35
BRDA:56,1,0,35
BRDA:61,2,0,35
BRDA:67,3,0,35
BRDA:76,4,0,1
BRDA:76,4,1,5
BRDA:81,5,0,1
BRDA:81,5,1,8
BRDA:129,6,0,0
BRDA:129,6,1,0
BRDA:129,7,0,0
BRDA:129,7,1,0
BRDA:129,7,2,0
BRDA:129,7,3,0
BRDA:130,8,0,0
BRDA:130,8,1,0
BRDA:132,9,0,0
BRDA:132,9,1,0
BRDA:150,10,0,0
BRDA:150,10,1,0
BRDA:151,11,0,0
BRDA:151,11,1,0
BRDA:153,12,0,0
BRDA:153,12,1,0
BRDA:172,13,0,0
BRDA:172,13,1,0
BRDA:180,14,0,0
BRDA:180,14,1,0
BRDA:184,15,0,0
BRDA:184,15,1,0
BRDA:185,16,0,0
BRDA:185,16,1,0
BRDA:191,17,0,0
BRDA:191,17,1,0
BRDA:195,18,0,0
BRDA:195,18,1,0
BRDA:200,19,0,0
BRDA:209,20,0,0
BRDA:213,21,0,0
BRDA:213,21,1,0
BRDA:219,22,0,0
BRDA:228,23,0,0
BRDA:232,24,0,0
BRDA:232,24,1,0
BRF:44
BRH:8
end_of_record
TN:
SF:src/modules/wa/hooks/useWaDashboard.ts
FN:45,(anonymous_0)
FN:55,useWaDashboard
FN:68,(anonymous_2)
FN:78,(anonymous_3)
FN:79,(anonymous_4)
FN:82,(anonymous_5)
FN:91,(anonymous_6)
FN:97,(anonymous_7)
FN:103,(anonymous_8)
FN:108,(anonymous_9)
FN:113,(anonymous_10)
FN:117,(anonymous_11)
FN:122,(anonymous_12)
FN:127,(anonymous_13)
FN:134,(anonymous_14)
FN:144,(anonymous_15)
FN:148,(anonymous_16)
FN:152,(anonymous_17)
FN:179,(anonymous_18)
FN:184,(anonymous_19)
FN:204,(anonymous_20)
FN:206,(anonymous_21)
FN:211,(anonymous_22)
FN:216,(anonymous_23)
FN:221,(anonymous_24)
FN:226,(anonymous_25)
FN:231,(anonymous_26)
FN:236,(anonymous_27)
FNF:28
FNH:0
FNDA:0,(anonymous_0)
FNDA:0,useWaDashboard
FNDA:0,(anonymous_2)
FNDA:0,(anonymous_3)
FNDA:0,(anonymous_4)
FNDA:0,(anonymous_5)
FNDA:0,(anonymous_6)
FNDA:0,(anonymous_7)
FNDA:0,(anonymous_8)
FNDA:0,(anonymous_9)
FNDA:0,(anonymous_10)
FNDA:0,(anonymous_11)
FNDA:0,(anonymous_12)
FNDA:0,(anonymous_13)
FNDA:0,(anonymous_14)
FNDA:0,(anonymous_15)
FNDA:0,(anonymous_16)
FNDA:0,(anonymous_17)
FNDA:0,(anonymous_18)
FNDA:0,(anonymous_19)
FNDA:0,(anonymous_20)
FNDA:0,(anonymous_21)
FNDA:0,(anonymous_22)
FNDA:0,(anonymous_23)
FNDA:0,(anonymous_24)
FNDA:0,(anonymous_25)
FNDA:0,(anonymous_26)
FNDA:0,(anonymous_27)
DA:45,0
DA:48,0
DA:56,0
DA:57,0
DA:58,0
DA:59,0
DA:60,0
DA:61,0
DA:62,0
DA:63,0
DA:64,0
DA:65,0
DA:66,0
DA:68,0
DA:69,0
DA:71,0
DA:72,0
DA:73,0
DA:76,0
DA:78,0
DA:79,0
DA:82,0
DA:83,0
DA:84,0
DA:85,0
DA:86,0
DA:87,0
DA:88,0
DA:91,0
DA:92,0
DA:93,0
DA:94,0
DA:97,0
DA:98,0
DA:99,0
DA:100,0
DA:103,0
DA:104,0
DA:105,0
DA:108,0
DA:109,0
DA:110,0
DA:113,0
DA:114,0
DA:117,0
DA:118,0
DA:119,0
DA:122,0
DA:123,0
DA:124,0
DA:127,0
DA:128,0
DA:134,0
DA:135,0
DA:143,0
DA:144,0
DA:145,0
DA:146,0
DA:148,0
DA:149,0
DA:150,0
DA:152,0
DA:153,0
DA:156,0
DA:157,0
DA:158,0
DA:159,0
DA:160,0
DA:161,0
DA:162,0
DA:163,0
DA:164,0
DA:165,0
DA:167,0
DA:168,0
DA:169,0
DA:172,0
DA:173,0
DA:175,0
DA:176,0
DA:179,0
DA:180,0
DA:181,0
DA:184,0
DA:185,0
DA:186,0
DA:187,0
DA:188,0
DA:189,0
DA:190,0
DA:191,0
DA:192,0
DA:193,0
DA:194,0
DA:195,0
DA:196,0
DA:197,0
DA:198,0
DA:200,0
DA:204,0
DA:205,0
DA:207,0
DA:208,0
DA:209,0
DA:212,0
DA:213,0
DA:214,0
DA:217,0
DA:218,0
DA:219,0
DA:222,0
DA:223,0
DA:224,0
DA:227,0
DA:228,0
DA:229,0
DA:232,0
DA:233,0
DA:234,0
DA:237,0
DA:238,0
DA:239,0
DA:240,0
DA:245,0
LF:124
LH:0
BRDA:47,0,0,0
BRDA:71,1,0,0
BRDA:71,1,1,0
BRDA:78,2,0,0
BRDA:93,3,0,0
BRDA:93,3,1,0
BRDA:100,4,0,0
BRDA:100,4,1,0
BRDA:124,5,0,0
BRDA:124,5,1,0
BRDA:124,6,0,0
BRDA:124,6,1,0
BRDA:129,7,0,0
BRDA:129,7,1,0
BRDA:129,8,0,0
BRDA:129,8,1,0
BRDA:130,9,0,0
BRDA:130,9,1,0
BRDA:136,10,0,0
BRDA:136,10,1,0
BRDA:138,11,0,0
BRDA:138,11,1,0
BRDA:139,12,0,0
BRDA:139,12,1,0
BRDA:175,13,0,0
BRDA:175,13,1,0
BRF:26
BRH:0
end_of_record
TN:
SF:src/modules/wa/pages/WaControlPage.tsx
FN:6,(anonymous_0)
FN:18,(anonymous_1)
FN:31,WaControlPage
FN:35,(anonymous_3)
FN:58,(anonymous_4)
FN:64,(anonymous_5)
FN:73,(anonymous_6)
FN:74,(anonymous_7)
FN:75,(anonymous_8)
FN:78,(anonymous_9)
FN:122,(anonymous_10)
FN:171,(anonymous_11)
FN:202,(anonymous_12)
FN:231,(anonymous_13)
FN:239,(anonymous_14)
FN:251,(anonymous_15)
FN:257,(anonymous_16)
FN:302,(anonymous_17)
FNF:18
FNH:0
FNDA:0,(anonymous_0)
FNDA:0,(anonymous_1)
FNDA:0,WaControlPage
FNDA:0,(anonymous_3)
FNDA:0,(anonymous_4)
FNDA:0,(anonymous_5)
FNDA:0,(anonymous_6)
FNDA:0,(anonymous_7)
FNDA:0,(anonymous_8)
FNDA:0,(anonymous_9)
FNDA:0,(anonymous_10)
FNDA:0,(anonymous_11)
FNDA:0,(anonymous_12)
FNDA:0,(anonymous_13)
FNDA:0,(anonymous_14)
FNDA:0,(anonymous_15)
FNDA:0,(anonymous_16)
FNDA:0,(anonymous_17)
DA:6,0
DA:7,0
DA:8,0
DA:9,0
DA:10,0
DA:18,0
DA:19,0
DA:20,0
DA:21,0
DA:22,0
DA:23,0
DA:24,0
DA:26,0
DA:27,0
DA:28,0
DA:32,0
DA:33,0
DA:34,0
DA:35,0
DA:56,0
DA:58,0
DA:59,0
DA:60,0
DA:61,0
DA:64,0
DA:65,0
DA:66,0
DA:67,0
DA:68,0
DA:69,0
DA:70,0
DA:73,0
DA:74,0
DA:75,0
DA:78,0
DA:79,0
DA:80,0
DA:81,0
DA:83,0
DA:84,0
DA:85,0
DA:86,0
DA:89,0
DA:92,0
DA:123,0
DA:171,0
DA:203,0
DA:231,0
DA:239,0
DA:252,0
DA:257,0
DA:303,0
LF:52
LH:0
BRDA:7,0,0,0
BRDA:7,0,1,0
BRDA:9,1,0,0
BRDA:9,1,1,0
BRDA:19,2,0,0
BRDA:19,2,1,0
BRDA:19,3,0,0
BRDA:19,3,1,0
BRDA:26,4,0,0
BRDA:26,4,1,0
BRDA:27,5,0,0
BRDA:27,5,1,0
BRDA:33,6,0,0
BRDA:33,6,1,0
BRDA:59,7,0,0
BRDA:59,7,1,0
BRDA:60,8,0,0
BRDA:60,8,1,0
BRDA:65,9,0,0
BRDA:65,9,1,0
BRDA:66,10,0,0
BRDA:66,10,1,0
BRDA:67,11,0,0
BRDA:67,11,1,0
BRDA:68,12,0,0
BRDA:68,12,1,0
BRDA:69,13,0,0
BRDA:69,13,1,0
BRDA:69,14,0,0
BRDA:69,14,1,0
BRDA:70,15,0,0
BRDA:70,15,1,0
BRDA:79,16,0,0
BRDA:79,16,1,0
BRDA:80,17,0,0
BRDA:80,17,1,0
BRDA:80,18,0,0
BRDA:80,18,1,0
BRDA:83,19,0,0
BRDA:83,19,1,0
BRDA:85,20,0,0
BRDA:85,20,1,0
BRDA:110,21,0,0
BRDA:110,21,1,0
BRDA:118,22,0,0
BRDA:118,22,1,0
BRDA:119,23,0,0
BRDA:119,23,1,0
BRDA:120,24,0,0
BRDA:120,24,1,0
BRDA:129,25,0,0
BRDA:129,25,1,0
BRDA:131,26,0,0
BRDA:131,26,1,0
BRDA:138,27,0,0
BRDA:138,27,1,0
BRDA:152,28,0,0
BRDA:152,28,1,0
BRDA:174,29,0,0
BRDA:174,29,1,0
BRDA:179,30,0,0
BRDA:179,30,1,0
BRDA:184,31,0,0
BRDA:184,31,1,0
BRDA:187,32,0,0
BRDA:187,32,1,0
BRDA:191,33,0,0
BRDA:191,33,1,0
BRDA:212,34,0,0
BRDA:212,34,1,0
BRDA:238,35,0,0
BRDA:238,35,1,0
BRDA:246,36,0,0
BRDA:246,36,1,0
BRDA:246,37,0,0
BRDA:246,37,1,0
BRDA:251,38,0,0
BRDA:251,38,1,0
BRDA:277,39,0,0
BRDA:277,39,1,0
BRDA:297,40,0,0
BRDA:297,40,1,0
BRDA:306,41,0,0
BRDA:306,41,1,0
BRDA:307,42,0,0
BRDA:307,42,1,0
BRDA:308,43,0,0
BRDA:308,43,1,0
BRF:88
BRH:0
end_of_record
TN:
SF:src/modules/wa/services/waDashboard.service.ts
FN:7,(anonymous_0)
FN:9,(anonymous_1)
FN:27,(anonymous_2)
FN:34,(anonymous_3)
FN:41,(anonymous_4)
FNF:5
FNH:0
FNDA:0,(anonymous_0)
FNDA:0,(anonymous_1)
FNDA:0,(anonymous_2)
FNDA:0,(anonymous_3)
FNDA:0,(anonymous_4)
DA:5,0
DA:7,0
DA:9,0
DA:10,0
DA:12,0
DA:14,0
DA:15,0
DA:24,0
DA:27,0
DA:28,0
DA:29,0
DA:30,0
DA:34,0
DA:35,0
DA:36,0
DA:38,0
DA:41,0
DA:42,0
DA:43,0
LF:19
LH:0
BRDA:12,0,0,0
BRDA:12,0,1,0
BRDA:14,1,0,0
BRDA:14,1,1,0
BRDA:28,2,0,0
BRDA:28,2,1,0
BRDA:29,3,0,0
BRDA:29,3,1,0
BRDA:42,4,0,0
BRDA:42,4,1,0
BRF:10
BRH:0
end_of_record
TN:
SF:src/modules/welcome/types.ts
FNF:0
FNH:0
LF:0
LH:0
BRF:0
BRH:0
end_of_record
TN:
SF:src/modules/welcome/utils.ts
FN:4,(anonymous_0)
FN:9,(anonymous_1)
FN:16,(anonymous_2)
FN:24,(anonymous_3)
FN:41,(anonymous_4)
FN:46,(anonymous_5)
FN:48,(anonymous_6)
FN:59,(anonymous_7)
FNF:8
FNH:7
FNDA:3,(anonymous_0)
FNDA:113,(anonymous_1)
FNDA:7,(anonymous_2)
FNDA:7,(anonymous_3)
FNDA:7,(anonymous_4)
FNDA:56,(anonymous_5)
FNDA:2,(anonymous_6)
FNDA:0,(anonymous_7)
DA:4,1
DA:5,3
DA:9,1
DA:10,113
DA:11,113
DA:12,113
DA:13,113
DA:16,1
DA:17,7
DA:18,7
DA:19,7
DA:20,7
DA:21,7
DA:24,1
DA:25,7
DA:26,7
DA:27,7
DA:29,7
DA:30,7
DA:31,56
DA:32,56
DA:33,56
DA:34,56
DA:35,56
DA:36,56
DA:38,7
DA:41,1
DA:45,7
DA:46,56
DA:48,7
DA:49,2
DA:50,2
DA:51,1
DA:52,1
DA:53,1
DA:54,1
DA:56,7
DA:59,1
DA:60,0
DA:61,0
LF:40
LH:38
BRDA:19,0,0,0
BRDA:19,0,1,7
BRDA:24,1,0,7
BRDA:43,2,0,7
BRDA:50,3,0,1
BRDA:50,3,1,1
BRDA:53,4,0,0
BRDA:53,4,1,1
BRDA:54,5,0,1
BRDA:54,5,1,0
BRDA:59,6,0,0
BRF:11
BRH:7
end_of_record
TN:
SF:src/modules/welcome/components/ModuleCards.tsx
FN:10,(anonymous_0)
FN:15,(anonymous_1)
FN:32,(anonymous_2)
FNF:3
FNH:0
FNDA:0,(anonymous_0)
FNDA:0,(anonymous_1)
FNDA:0,(anonymous_2)
DA:10,0
DA:11,0
DA:13,0
DA:16,0
DA:32,0
LF:5
LH:0
BRDA:19,0,0,0
BRDA:19,0,1,0
BRDA:29,1,0,0
BRDA:29,1,1,0
BRDA:29,1,2,0
BRDA:38,2,0,0
BRDA:38,2,1,0
BRDA:38,2,2,0
BRDA:38,2,3,0
BRDA:38,2,4,0
BRDA:47,3,0,0
BRDA:47,3,1,0
BRF:12
BRH:0
end_of_record
TN:
SF:src/modules/welcome/components/NotificacionesPanel.tsx
FN:6,(anonymous_0)
FN:14,(anonymous_1)
FN:18,(anonymous_2)
FN:24,(anonymous_3)
FN:45,(anonymous_4)
FN:56,(anonymous_5)
FN:60,(anonymous_6)
FN:93,(anonymous_7)
FN:112,(anonymous_8)
FN:121,(anonymous_9)
FNF:10
FNH:0
FNDA:0,(anonymous_0)
FNDA:0,(anonymous_1)
FNDA:0,(anonymous_2)
FNDA:0,(anonymous_3)
FNDA:0,(anonymous_4)
FNDA:0,(anonymous_5)
FNDA:0,(anonymous_6)
FNDA:0,(anonymous_7)
FNDA:0,(anonymous_8)
FNDA:0,(anonymous_9)
DA:6,0
DA:7,0
DA:8,0
DA:9,0
DA:14,0
DA:15,0
DA:16,0
DA:18,0
DA:19,0
DA:24,0
DA:25,0
DA:26,0
DA:27,0
DA:28,0
DA:29,0
DA:30,0
DA:32,0
DA:33,0
DA:34,0
DA:44,0
DA:45,0
DA:56,0
DA:60,0
DA:62,0
DA:94,0
DA:95,0
DA:112,0
DA:121,0
LF:28
LH:0
BRDA:8,0,0,0
BRDA:8,0,1,0
BRDA:26,1,0,0
BRDA:26,1,1,0
BRDA:28,2,0,0
BRDA:28,2,1,0
BRDA:29,3,0,0
BRDA:29,3,1,0
BRDA:36,4,0,0
BRDA:36,4,1,0
BRDA:37,5,0,0
BRDA:37,5,1,0
BRDA:38,6,0,0
BRDA:38,6,1,0
BRDA:40,7,0,0
BRDA:40,7,1,0
BRDA:47,8,0,0
BRDA:47,8,1,0
BRDA:49,9,0,0
BRDA:49,9,1,0
BRDA:88,10,0,0
BRDA:88,10,1,0
BRDA:96,11,0,0
BRDA:96,11,1,0
BRDA:99,12,0,0
BRDA:99,12,1,0
BRDA:105,13,0,0
BRDA:105,13,1,0
BRDA:107,14,0,0
BRDA:107,14,1,0
BRF:30
BRH:0
end_of_record
TN:
SF:src/modules/welcome/components/PermisosPanel.tsx
FN:8,(anonymous_0)
FN:15,(anonymous_1)
FNF:2
FNH:0
FNDA:0,(anonymous_0)
FNDA:0,(anonymous_1)
DA:8,0
DA:9,0
DA:16,0
LF:3
LH:0
BRDA:18,0,0,0
BRDA:18,0,1,0
BRDA:19,1,0,0
BRDA:19,1,1,0
BRF:4
BRH:0
end_of_record
TN:
SF:src/modules/welcome/components/SuperadminSection.tsx
FN:11,(anonymous_0)
FN:15,(anonymous_1)
FNF:2
FNH:0
FNDA:0,(anonymous_0)
FNDA:0,(anonymous_1)
DA:5,0
DA:11,0
DA:12,0
DA:16,0
LF:4
LH:0
BRF:0
BRH:0
end_of_record
TN:
SF:src/modules/welcome/components/WeeklyChart.tsx
FN:13,(anonymous_0)
FN:39,(anonymous_1)
FNF:2
FNH:0
FNDA:0,(anonymous_0)
FNDA:0,(anonymous_1)
DA:13,0
DA:14,0
DA:40,0
DA:41,0
LF:4
LH:0
BRDA:23,0,0,0
BRDA:23,0,1,0
BRDA:24,1,0,0
BRDA:24,1,1,0
BRDA:28,2,0,0
BRDA:28,2,1,0
BRDA:33,3,0,0
BRDA:33,3,1,0
BRDA:33,3,2,0
BRDA:36,4,0,0
BRDA:36,4,1,0
BRDA:36,4,2,0
BRDA:40,5,0,0
BRDA:40,5,1,0
BRF:14
BRH:0
end_of_record
TN:
SF:src/modules/welcome/components/WelcomeHeader.tsx
FN:12,(anonymous_0)
FN:34,(anonymous_1)
FNF:2
FNH:0
FNDA:0,(anonymous_0)
FNDA:0,(anonymous_1)
DA:12,0
DA:15,0
DA:35,0
LF:3
LH:0
BRDA:21,0,0,0
BRDA:21,0,1,0
BRDA:31,1,0,0
BRDA:31,1,1,0
BRDA:31,2,0,0
BRDA:31,2,1,0
BRDA:33,3,0,0
BRDA:33,3,1,0
BRF:8
BRH:0
end_of_record
TN:
SF:src/modules/welcome/hooks/useWelcomeDashboard.ts
FN:12,useWelcomeDashboard
FN:33,(anonymous_1)
FN:34,(anonymous_2)
FN:48,(anonymous_3)
FN:51,(anonymous_4)
FN:61,(anonymous_5)
FN:68,(anonymous_6)
FN:71,(anonymous_7)
FN:73,(anonymous_8)
FN:73,(anonymous_9)
FNF:10
FNH:10
FNDA:22,useWelcomeDashboard
FNDA:20,(anonymous_1)
FNDA:20,(anonymous_2)
FNDA:20,(anonymous_3)
FNDA:8,(anonymous_4)
FNDA:24,(anonymous_5)
FNDA:8,(anonymous_6)
FNDA:22,(anonymous_7)
FNDA:20,(anonymous_8)
FNDA:40,(anonymous_9)
DA:13,22
DA:14,22
DA:16,22
DA:17,22
DA:18,22
DA:19,22
DA:20,22
DA:22,22
DA:24,22
DA:33,22
DA:34,20
DA:35,20
DA:36,20
DA:37,20
DA:39,0
DA:40,0
DA:42,20
DA:45,20
DA:48,22
DA:49,20
DA:50,8
DA:51,8
DA:52,8
DA:53,8
DA:57,8
DA:58,8
DA:59,8
DA:61,24
DA:65,0
DA:68,8
DA:71,22
DA:72,22
DA:73,40
DA:77,22
DA:123,22
DA:133,22
LF:36
LH:33
BRDA:22,0,0,7
BRDA:22,0,1,15
BRDA:22,1,0,1
BRDA:22,1,1,14
BRDA:49,2,0,12
BRDA:49,2,1,8
BRDA:57,3,0,0
BRDA:57,3,1,8
BRDA:58,4,0,8
BRDA:58,4,1,0
BRDA:60,5,0,8
BRDA:60,5,1,0
BRDA:65,6,0,0
BRDA:65,6,1,0
BRDA:80,7,0,22
BRDA:80,7,1,0
BRDA:80,8,0,0
BRDA:80,8,1,0
BRDA:88,9,0,22
BRDA:88,9,1,0
BRDA:88,10,0,0
BRDA:88,10,1,0
BRDA:96,11,0,8
BRDA:96,11,1,14
BRDA:98,12,0,8
BRDA:98,12,1,14
BRDA:105,13,0,7
BRDA:105,13,1,15
BRDA:107,14,0,1
BRDA:107,14,1,14
BRDA:110,15,0,7
BRDA:110,15,1,15
BRDA:116,16,0,0
BRDA:116,16,1,22
BRDA:130,17,0,2
BRDA:130,17,1,20
BRDA:135,18,0,22
BRDA:135,18,1,1
BRF:38
BRH:26
end_of_record
TN:
SF:src/pages/EscaneoQR.tsx
FN:7,(anonymous_0)
FN:13,(anonymous_1)
FN:42,(anonymous_2)
FN:47,(anonymous_3)
FN:56,(anonymous_4)
FNF:5
FNH:0
FNDA:0,(anonymous_0)
FNDA:0,(anonymous_1)
FNDA:0,(anonymous_2)
FNDA:0,(anonymous_3)
FNDA:0,(anonymous_4)
DA:7,0
DA:8,0
DA:9,0
DA:10,0
DA:11,0
DA:13,0
DA:14,0
DA:15,0
DA:16,0
DA:18,0
DA:22,0
DA:42,0
DA:47,0
DA:56,0
LF:14
LH:0
BRDA:15,0,0,0
BRDA:15,0,1,0
BRDA:29,1,0,0
BRDA:29,1,1,0
BRDA:39,2,0,0
BRDA:39,2,1,0
BRDA:49,3,0,0
BRDA:49,3,1,0
BRDA:51,4,0,0
BRDA:51,4,1,0
BRF:10
BRH:0
end_of_record
TN:
SF:src/pages/FcaConfigPage.tsx
FN:11,ConfigField
FN:39,(anonymous_1)
FN:59,(anonymous_2)
FN:83,(anonymous_3)
FN:92,(anonymous_4)
FN:105,(anonymous_5)
FN:126,(anonymous_6)
FN:137,EnabledToggle
FN:147,(anonymous_8)
FN:176,Card
FN:192,MqttStatusBadge
FN:226,FcaConfigPage
FN:234,(anonymous_12)
FN:237,(anonymous_13)
FN:238,(anonymous_14)
FN:240,(anonymous_15)
FN:243,(anonymous_16)
FN:248,(anonymous_17)
FN:250,(anonymous_18)
FN:256,(anonymous_19)
FN:261,(anonymous_20)
FN:294,(anonymous_21)
FN:297,(anonymous_22)
FN:316,(anonymous_23)
FNF:24
FNH:0
FNDA:0,ConfigField
FNDA:0,(anonymous_1)
FNDA:0,(anonymous_2)
FNDA:0,(anonymous_3)
FNDA:0,(anonymous_4)
FNDA:0,(anonymous_5)
FNDA:0,(anonymous_6)
FNDA:0,EnabledToggle
FNDA:0,(anonymous_8)
FNDA:0,Card
FNDA:0,MqttStatusBadge
FNDA:0,FcaConfigPage
FNDA:0,(anonymous_12)
FNDA:0,(anonymous_13)
FNDA:0,(anonymous_14)
FNDA:0,(anonymous_15)
FNDA:0,(anonymous_16)
FNDA:0,(anonymous_17)
[...]
BRDA:492,51,0,0
BRDA:492,51,1,0
BRDA:492,51,2,0
BRDA:505,52,0,0
BRDA:505,52,1,0
BRDA:505,52,2,0
BRDA:506,53,0,0
BRDA:506,53,1,0
BRDA:506,53,2,0
BRDA:514,54,0,0
BRDA:514,54,1,0
BRDA:514,54,2,0
BRDA:515,55,0,0
BRDA:515,55,1,0
BRDA:515,55,2,0
BRDA:527,56,0,0
BRDA:527,56,1,0
BRDA:539,57,0,0
BRDA:539,57,1,0
BRDA:541,58,0,0
BRDA:541,58,1,0
BRDA:541,59,0,0
BRDA:541,59,1,0
BRDA:543,60,0,0
BRDA:543,60,1,0
BRDA:544,61,0,0
BRDA:544,61,1,0
BRDA:545,62,0,0
BRDA:545,62,1,0
BRDA:546,63,0,0
BRDA:546,63,1,0
BRDA:546,63,2,0
BRF:137
BRH:0
end_of_record
TN:
SF:src/pages/ResetPassword.tsx
FN:11,ResetPassword
FN:19,(anonymous_1)
FN:46,(anonymous_2)
FN:61,(anonymous_3)
FN:72,(anonymous_4)
FN:82,(anonymous_5)
FN:86,(anonymous_6)
FN:97,(anonymous_7)
FN:101,(anonymous_8)
FN:110,(anonymous_9)
FNF:10
FNH:0
FNDA:0,ResetPassword
FNDA:0,(anonymous_1)
FNDA:0,(anonymous_2)
FNDA:0,(anonymous_3)
FNDA:0,(anonymous_4)
FNDA:0,(anonymous_5)
FNDA:0,(anonymous_6)
FNDA:0,(anonymous_7)
FNDA:0,(anonymous_8)
FNDA:0,(anonymous_9)
DA:7,0
DA:8,0
DA:9,0
DA:12,0
DA:13,0
DA:14,0
DA:15,0
DA:16,0
DA:17,0
DA:19,0
DA:20,0
DA:21,0
DA:22,0
DA:23,0
DA:24,0
DA:26,0
DA:27,0
DA:28,0
DA:30,0
DA:34,0
DA:46,0
DA:61,0
DA:72,0
DA:82,0
DA:86,0
DA:97,0
DA:101,0
DA:110,0
LF:28
LH:0
BRDA:22,0,0,0
BRDA:22,0,1,0
BRDA:30,1,0,0
BRDA:30,1,1,0
BRDA:42,2,0,0
BRDA:42,2,1,0
BRDA:79,3,0,0
BRDA:79,3,1,0
BRDA:88,4,0,0
BRDA:88,4,1,0
BRDA:94,5,0,0
BRDA:94,5,1,0
BRDA:103,6,0,0
BRDA:103,6,1,0
BRDA:107,7,0,0
BRDA:107,7,1,0
BRF:16
BRH:0
end_of_record
TN:
SF:src/pages/Setup2FA.tsx
FN:14,Setup2FA
FN:22,(anonymous_1)
FN:34,(anonymous_2)
FN:66,(anonymous_3)
FN:77,(anonymous_4)
FN:87,(anonymous_5)
FN:91,(anonymous_6)
FN:100,(anonymous_7)
FN:117,(anonymous_8)
FN:133,(anonymous_9)
FN:140,(anonymous_10)
FN:150,(anonymous_11)
FNF:12
FNH:0
FNDA:0,Setup2FA
FNDA:0,(anonymous_1)
FNDA:0,(anonymous_2)
FNDA:0,(anonymous_3)
FNDA:0,(anonymous_4)
FNDA:0,(anonymous_5)
FNDA:0,(anonymous_6)
FNDA:0,(anonymous_7)
FNDA:0,(anonymous_8)
FNDA:0,(anonymous_9)
FNDA:0,(anonymous_10)
FNDA:0,(anonymous_11)
DA:8,0
DA:9,0
DA:10,0
DA:15,0
DA:16,0
DA:17,0
DA:18,0
DA:19,0
DA:20,0
DA:22,0
DA:23,0
DA:24,0
DA:25,0
DA:26,0
DA:27,0
DA:28,0
DA:30,0
DA:34,0
DA:35,0
DA:36,0
DA:37,0
DA:38,0
DA:39,0
DA:41,0
DA:45,0
DA:66,0
DA:77,0
DA:87,0
DA:91,0
DA:100,0
DA:117,0
DA:133,0
DA:140,0
DA:150,0
LF:34
LH:0
BRDA:30,0,0,0
BRDA:30,0,1,0
BRDA:41,1,0,0
BRDA:41,1,1,0
BRDA:53,2,0,0
BRDA:53,2,1,0
BRDA:84,3,0,0
BRDA:84,3,1,0
BRDA:93,4,0,0
BRDA:93,4,1,0
BRDA:97,5,0,0
BRDA:97,5,1,0
BRDA:106,6,0,0
BRDA:106,6,1,0
BRDA:123,7,0,0
BRDA:123,7,1,0
BRDA:138,8,0,0
BRDA:138,8,1,0
BRDA:146,9,0,0
BRDA:146,9,1,0
BRF:20
BRH:0
end_of_record
TN:
SF:src/pages/StageTemplatesPage.tsx
FN:38,TemplateModal
FN:51,(anonymous_1)
FN:52,(anonymous_2)
FN:67,(anonymous_3)
FN:72,(anonymous_4)
FN:81,(anonymous_5)
FN:87,(anonymous_6)
FN:89,(anonymous_7)
FN:95,(anonymous_8)
FN:97,(anonymous_9)
FN:103,(anonymous_10)
FN:105,(anonymous_11)
FN:111,(anonymous_12)
FN:116,(anonymous_13)
FN:121,(anonymous_14)
FN:125,(anonymous_15)
FN:129,(anonymous_16)
FN:137,(anonymous_17)
FN:151,(anonymous_18)
FN:160,(anonymous_19)
FN:170,(anonymous_20)
FN:183,StageTemplatesPage
FN:194,(anonymous_22)
FN:207,(anonymous_23)
FN:209,(anonymous_24)
FN:212,(anonymous_25)
FN:218,(anonymous_26)
FN:224,(anonymous_27)
FN:224,(anonymous_28)
FN:227,(anonymous_29)
FN:237,(anonymous_30)
FN:242,(anonymous_31)
FN:242,(anonymous_32)
FN:250,(anonymous_33)
FN:267,(anonymous_34)
FN:296,(anonymous_35)
FN:301,(anonymous_36)
FN:342,(anonymous_37)
FN:370,(anonymous_38)
FN:377,(anonymous_39)
FN:404,(anonymous_40)
FNF:41
FNH:0
FNDA:0,TemplateModal
FNDA:0,(anonymous_1)
FNDA:0,(anonymous_2)
FNDA:0,(anonymous_3)
FNDA:0,(anonymous_4)
FNDA:0,(anonymous_5)
FNDA:0,(anonymous_6)
FNDA:0,(anonymous_7)
FNDA:0,(anonymous_8)
FNDA:0,(anonymous_9)
FNDA:0,(anonymous_10)
FNDA:0,(anonymous_11)
FNDA:0,(anonymous_12)
FNDA:0,(anonymous_13)
FNDA:0,(anonymous_14)
FNDA:0,(anonymous_15)
FNDA:0,(anonymous_16)
FNDA:0,(anonymous_17)
FNDA:0,(anonymous_18)
FNDA:0,(anonymous_19)
FNDA:0,(anonymous_20)
FNDA:0,StageTemplatesPage
FNDA:0,(anonymous_22)
FNDA:0,(anonymous_23)
FNDA:0,(anonymous_24)
FNDA:0,(anonymous_25)
FNDA:0,(anonymous_26)
FNDA:0,(anonymous_27)
FNDA:0,(anonymous_28)
FNDA:0,(anonymous_29)
FNDA:0,(anonymous_30)
FNDA:0,(anonymous_31)
FNDA:0,(anonymous_32)
FNDA:0,(anonymous_33)
FNDA:0,(anonymous_34)
FNDA:0,(anonymous_35)
FNDA:0,(anonymous_36)
FNDA:0,(anonymous_37)
FNDA:0,(anonymous_38)
FNDA:0,(anonymous_39)
FNDA:0,(anonymous_40)
DA:18,0
DA:35,0
DA:36,0
DA:49,0
DA:51,0
DA:52,0
DA:54,0
DA:67,0
DA:72,0
DA:81,0
DA:87,0
DA:89,0
DA:95,0
DA:97,0
DA:103,0
DA:105,0
DA:111,0
DA:116,0
DA:121,0
DA:125,0
DA:129,0
DA:137,0
DA:151,0
DA:160,0
DA:170,0
DA:184,0
DA:185,0
DA:186,0
DA:187,0
DA:188,0
DA:189,0
DA:190,0
DA:191,0
DA:192,0
DA:194,0
DA:195,0
DA:196,0
DA:197,0
DA:198,0
DA:199,0
DA:201,0
DA:203,0
DA:207,0
DA:209,0
DA:210,0
DA:211,0
DA:212,0
DA:213,0
DA:214,0
DA:218,0
DA:219,0
DA:220,0
DA:221,0
DA:222,0
DA:223,0
DA:224,0
DA:226,0
DA:227,0
DA:229,0
DA:231,0
DA:233,0
DA:237,0
DA:238,0
DA:239,0
DA:240,0
DA:241,0
DA:242,0
DA:244,0
DA:246,0
DA:250,0
DA:267,0
DA:268,0
DA:269,0
DA:280,0
DA:281,0
DA:282,0
DA:285,0
DA:296,0
DA:301,0
DA:343,0
DA:370,0
DA:377,0
DA:404,0
LF:83
LH:0
BRDA:61,0,0,0
BRDA:61,0,1,0
BRDA:80,1,0,0
BRDA:80,1,1,0
BRDA:81,2,0,0
BRDA:81,2,1,0
BRDA:87,3,0,0
BRDA:87,3,1,0
BRDA:87,4,0,0
BRDA:87,4,1,0
BRDA:95,5,0,0
BRDA:95,5,1,0
BRDA:95,6,0,0
BRDA:95,6,1,0
BRDA:103,7,0,0
BRDA:103,7,1,0
BRDA:103,8,0,0
BRDA:103,8,1,0
BRDA:111,9,0,0
BRDA:111,9,1,0
BRDA:111,10,0,0
BRDA:111,10,1,0
BRDA:116,11,0,0
BRDA:116,11,1,0
BRDA:116,12,0,0
BRDA:116,12,1,0
BRDA:121,13,0,0
BRDA:121,13,1,0
BRDA:125,14,0,0
BRDA:125,14,1,0
BRDA:129,15,0,0
BRDA:129,15,1,0
BRDA:136,16,0,0
BRDA:136,16,1,0
BRDA:137,17,0,0
BRDA:137,17,1,0
BRDA:171,18,0,0
BRDA:171,18,1,0
BRDA:171,18,2,0
BRDA:171,18,3,0
BRDA:171,18,4,0
BRDA:175,19,0,0
BRDA:175,19,1,0
BRDA:198,20,0,0
BRDA:198,20,1,0
BRDA:201,21,0,0
BRDA:201,21,1,0
BRDA:211,22,0,0
BRDA:211,22,1,0
BRDA:214,23,0,0
BRDA:214,23,1,0
BRDA:222,24,0,0
BRDA:222,24,1,0
BRDA:222,25,0,0
BRDA:222,25,1,0
BRDA:224,26,0,0
BRDA:224,26,1,0
BRDA:231,27,0,0
BRDA:231,27,1,0
BRDA:238,28,0,0
BRDA:238,28,1,0
BRDA:244,29,0,0
BRDA:244,29,1,0
BRDA:268,30,0,0
BRDA:268,30,1,0
BRDA:268,31,0,0
BRDA:268,31,1,0
BRDA:268,31,2,0
BRDA:281,32,0,0
BRDA:281,32,1,0
BRDA:309,33,0,0
BRDA:309,33,1,0
BRDA:316,34,0,0
BRDA:316,34,1,0
BRDA:346,35,0,0
BRDA:346,35,1,0
BRDA:350,36,0,0
BRDA:350,36,1,0
BRDA:351,37,0,0
BRDA:351,37,1,0
BRDA:352,38,0,0
BRDA:352,38,1,0
BRDA:354,39,0,0
BRDA:354,39,1,0
BRDA:355,40,0,0
BRDA:355,40,1,0
BRDA:358,41,0,0
BRDA:358,41,1,0
BRDA:358,42,0,0
BRDA:358,42,1,0
BRDA:361,43,0,0
BRDA:361,43,1,0
BRDA:361,44,0,0
BRDA:361,44,1,0
BRDA:364,45,0,0
BRDA:364,45,1,0
BRDA:364,46,0,0
BRDA:364,46,1,0
BRDA:387,47,0,0
BRDA:387,47,1,0
BRDA:390,48,0,0
BRDA:390,48,1,0
BRDA:400,49,0,0
BRDA:400,49,1,0
BRDA:402,50,0,0
BRDA:402,50,1,0
BRDA:402,51,0,0
BRDA:402,51,1,0
BRF:108
BRH:0
end_of_record
TN:
SF:src/pages/WhatsappAdsPage.tsx
FN:6,(anonymous_0)
FN:19,(anonymous_1)
FN:24,(anonymous_2)
FN:25,(anonymous_3)
FN:33,(anonymous_4)
FN:52,WhatsappAdsPage
FN:63,(anonymous_6)
FN:64,(anonymous_7)
FN:90,(anonymous_8)
FN:90,(anonymous_9)
FN:93,(anonymous_10)
FN:94,(anonymous_11)
FN:98,(anonymous_12)
FN:98,(anonymous_13)
FN:117,(anonymous_14)
FN:206,(anonymous_15)
FN:206,(anonymous_16)
FN:218,(anonymous_17)
FN:218,(anonymous_18)
FN:253,(anonymous_19)
FN:283,(anonymous_20)
FN:287,(anonymous_21)
FN:319,(anonymous_22)
FN:319,(anonymous_23)
FN:321,(anonymous_24)
FN:321,(anonymous_25)
FN:329,(anonymous_26)
FNF:27
FNH:0
FNDA:0,(anonymous_0)
FNDA:0,(anonymous_1)
FNDA:0,(anonymous_2)
FNDA:0,(anonymous_3)
FNDA:0,(anonymous_4)
FNDA:0,WhatsappAdsPage
FNDA:0,(anonymous_6)
FNDA:0,(anonymous_7)
FNDA:0,(anonymous_8)
FNDA:0,(anonymous_9)
FNDA:0,(anonymous_10)
FNDA:0,(anonymous_11)
FNDA:0,(anonymous_12)
FNDA:0,(anonymous_13)
FNDA:0,(anonymous_14)
FNDA:0,(anonymous_15)
FNDA:0,(anonymous_16)
FNDA:0,(anonymous_17)
FNDA:0,(anonymous_18)
FNDA:0,(anonymous_19)
FNDA:0,(anonymous_20)
FNDA:0,(anonymous_21)
FNDA:0,(anonymous_22)
FNDA:0,(anonymous_23)
FNDA:0,(anonymous_24)
FNDA:0,(anonymous_25)
FNDA:0,(anonymous_26)
DA:6,0
DA:7,0
DA:8,0
DA:9,0
DA:10,0
DA:19,0
DA:20,0
DA:21,0
DA:24,0
DA:25,0
DA:26,0
DA:31,0
DA:34,0
DA:35,0
DA:43,0
DA:44,0
DA:45,0
DA:46,0
DA:47,0
DA:48,0
DA:49,0
DA:53,0
DA:54,0
DA:55,0
DA:56,0
DA:57,0
DA:59,0
DA:60,0
DA:61,0
DA:63,0
DA:64,0
DA:65,0
DA:66,0
DA:67,0
DA:68,0
DA:72,0
DA:73,0
DA:74,0
DA:75,0
DA:76,0
DA:77,0
DA:79,0
DA:80,0
DA:82,0
DA:85,0
DA:88,0
DA:89,0
DA:90,0
DA:93,0
DA:94,0
DA:96,0
DA:97,0
DA:98,0
DA:102,0
DA:117,0
DA:206,0
DA:218,0
DA:254,0
DA:284,0
DA:287,0
DA:319,0
DA:321,0
DA:330,0
LF:63
LH:0
BRDA:7,0,0,0
BRDA:7,0,1,0
BRDA:9,1,0,0
BRDA:9,1,1,0
BRDA:20,2,0,0
BRDA:20,2,1,0
BRDA:72,3,0,0
BRDA:72,3,1,0
BRDA:73,4,0,0
BRDA:73,4,1,0
BRDA:75,5,0,0
BRDA:75,5,1,0
BRDA:76,6,0,0
BRDA:76,6,1,0
BRDA:88,7,0,0
BRDA:88,7,1,0
BRDA:93,8,0,0
BRDA:93,8,1,0
BRDA:94,9,0,0
BRDA:94,9,1,0
BRDA:96,10,0,0
BRDA:96,10,1,0
BRDA:142,11,0,0
BRDA:142,11,1,0
BRDA:143,12,0,0
BRDA:143,12,1,0
BRDA:145,13,0,0
BRDA:145,13,1,0
BRDA:145,13,2,0
BRDA:151,14,0,0
BRDA:151,14,1,0
BRDA:167,15,0,0
BRDA:167,15,1,0
BRDA:167,16,0,0
BRDA:167,16,1,0
BRDA:169,17,0,0
BRDA:169,17,1,0
BRDA:169,17,2,0
BRDA:170,18,0,0
BRDA:170,18,1,0
BRDA:183,19,0,0
BRDA:183,19,1,0
BRDA:189,20,0,0
BRDA:189,20,1,0
BRDA:257,21,0,0
BRDA:257,21,1,0
BRDA:257,21,2,0
BRDA:257,21,3,0
BRDA:258,22,0,0
BRDA:258,22,1,0
BRDA:264,23,0,0
BRDA:264,23,1,0
BRDA:277,24,0,0
BRDA:277,24,1,0
BRDA:288,25,0,0
BRDA:288,25,1,0
BRDA:290,26,0,0
BRDA:290,26,1,0
BRDA:297,27,0,0
BRDA:297,27,1,0
BRDA:300,28,0,0
BRDA:300,28,1,0
BRDA:301,29,0,0
BRDA:301,29,1,0
BRDA:304,30,0,0
BRDA:304,30,1,0
BRDA:305,31,0,0
BRDA:305,31,1,0
BRDA:306,32,0,0
BRDA:306,32,1,0
BRDA:333,33,0,0
BRDA:333,33,1,0
BRDA:334,34,0,0
BRDA:334,34,1,0
BRDA:340,35,0,0
BRDA:340,35,1,0
BRF:76
BRH:0
end_of_record
TN:
SF:src/services/authService.ts
FN:6,fetchJSON
FN:17,(anonymous_1)
FN:22,login
FN:26,registrarUsuario
FN:30,resetPassword
FN:34,setup2FAInit
FN:38,setup2FAConfirmar
FNF:7
FNH:0
FNDA:0,fetchJSON
FNDA:0,(anonymous_1)
FNDA:0,login
FNDA:0,registrarUsuario
FNDA:0,resetPassword
FNDA:0,setup2FAInit
FNDA:0,setup2FAConfirmar
DA:4,0
DA:8,0
DA:9,0
DA:15,0
DA:17,0
DA:18,0
DA:19,0
DA:23,0
DA:27,0
DA:31,0
DA:35,0
DA:39,0
LF:12
LH:0
BRDA:18,0,0,0
BRDA:18,0,1,0
BRDA:18,1,0,0
BRDA:18,1,1,0
BRF:4
BRH:0
end_of_record
TN:
SF:src/services/fcaConfig.service.ts
FN:16,(anonymous_0)
FN:22,(anonymous_1)
FN:37,(anonymous_2)
FN:43,(anonymous_3)
FN:50,(anonymous_4)
FNF:5
FNH:0
FNDA:0,(anonymous_0)
FNDA:0,(anonymous_1)
FNDA:0,(anonymous_2)
FNDA:0,(anonymous_3)
FNDA:0,(anonymous_4)
DA:5,0
DA:16,0
DA:17,0
DA:18,0
DA:19,0
DA:22,0
DA:23,0
DA:24,0
DA:25,0
DA:26,0
DA:37,0
DA:38,0
DA:39,0
DA:40,0
DA:43,0
DA:44,0
DA:49,0
DA:50,0
DA:51,0
DA:53,0
LF:20
LH:0
BRDA:18,0,0,0
BRDA:18,0,1,0
BRDA:24,1,0,0
BRDA:24,1,1,0
BRDA:26,2,0,0
BRDA:26,2,1,0
BRDA:39,3,0,0
BRDA:39,3,1,0
BRDA:49,4,0,0
BRDA:49,4,1,0
BRDA:51,5,0,0
BRDA:51,5,1,0
BRF:12
BRH:0
end_of_record
TN:
SF:src/services/metaConfig.service.ts
FN:23,(anonymous_0)
FN:29,(anonymous_1)
FN:36,(anonymous_2)
FN:43,(anonymous_3)
FNF:4
FNH:0
FNDA:0,(anonymous_0)
FNDA:0,(anonymous_1)
FNDA:0,(anonymous_2)
FNDA:0,(anonymous_3)
DA:5,0
DA:23,0
DA:24,0
DA:25,0
DA:26,0
DA:29,0
DA:30,0
DA:31,0
DA:32,0
DA:33,0
DA:36,0
DA:37,0
DA:42,0
DA:43,0
DA:44,0
DA:46,0
LF:16
LH:0
BRDA:25,0,0,0
BRDA:25,0,1,0
BRDA:31,1,0,0
BRDA:31,1,1,0
BRDA:33,2,0,0
BRDA:33,2,1,0
BRDA:42,3,0,0
BRDA:42,3,1,0
BRDA:44,4,0,0
BRDA:44,4,1,0
BRF:10
BRH:0
end_of_record
TN:
SF:src/services/metaInbox.service.ts
FN:19,(anonymous_0)
FN:36,(anonymous_1)
FN:56,(anonymous_2)
FN:68,(anonymous_3)
FN:78,(anonymous_4)
FN:90,(anonymous_5)
FN:100,(anonymous_6)
FN:110,(anonymous_7)
FN:120,(anonymous_8)
FN:129,(anonymous_9)
FN:144,(anonymous_10)
FN:152,(anonymous_11)
FN:160,(anonymous_12)
FNF:13
FNH:8
FNDA:5,(anonymous_0)
FNDA:4,(anonymous_1)
FNDA:2,(anonymous_2)
FNDA:0,(anonymous_3)
FNDA:2,(anonymous_4)
FNDA:2,(anonymous_5)
FNDA:1,(anonymous_6)
FNDA:1,(anonymous_7)
FNDA:2,(anonymous_8)
FNDA:0,(anonymous_9)
FNDA:0,(anonymous_10)
FNDA:0,(anonymous_11)
FNDA:0,(anonymous_12)
DA:17,1
DA:19,1
DA:24,5
DA:29,5
DA:32,5
DA:33,4
DA:36,1
DA:42,4
DA:46,4
DA:47,4
DA:49,4
DA:52,4
DA:53,4
DA:56,1
DA:59,2
DA:64,2
DA:65,1
DA:68,1
DA:69,0
DA:74,0
DA:75,0
DA:78,1
DA:82,2
DA:86,2
DA:87,1
DA:90,1
DA:91,2
DA:96,2
DA:97,1
DA:100,1
DA:101,1
DA:106,1
DA:107,1
DA:110,1
DA:111,1
DA:116,1
DA:117,1
DA:120,1
DA:121,2
DA:125,2
DA:126,1
DA:129,1
DA:135,0
DA:140,0
DA:141,0
DA:144,1
DA:145,0
DA:148,0
DA:149,0
DA:152,1
DA:153,0
DA:156,0
DA:157,0
DA:160,1
DA:161,0
DA:162,0
DA:163,0
DA:164,0
DA:166,0
DA:173,0
DA:174,0
LF:61
LH:42
BRDA:20,0,0,5
BRDA:21,1,0,5
BRDA:22,2,0,5
BRDA:32,3,0,1
BRDA:32,3,1,4
BRDA:36,4,0,4
BRDA:43,5,0,4
BRDA:43,5,1,4
BRDA:44,6,0,4
BRDA:44,6,1,4
BRDA:46,7,0,1
BRDA:46,7,1,3
BRDA:47,8,0,1
BRDA:47,8,1,3
BRDA:47,9,0,4
BRDA:47,9,1,2
BRDA:52,10,0,0
BRDA:52,10,1,4
BRDA:64,11,0,1
BRDA:64,11,1,1
BRDA:74,12,0,0
BRDA:74,12,1,0
BRDA:80,13,0,2
BRDA:86,14,0,1
BRDA:86,14,1,1
BRDA:96,15,0,1
BRDA:96,15,1,1
BRDA:106,16,0,0
BRDA:106,16,1,1
BRDA:116,17,0,0
BRDA:116,17,1,1
BRDA:125,18,0,1
BRDA:125,18,1,1
BRDA:140,19,0,0
BRDA:140,19,1,0
BRDA:148,20,0,0
BRDA:148,20,1,0
BRDA:156,21,0,0
BRDA:156,21,1,0
BRDA:164,22,0,0
BRDA:164,22,1,0
BRDA:173,23,0,0
BRDA:173,23,1,0
BRF:43
BRH:28
end_of_record
TN:
SF:src/services/offers.service.ts
FN:8,(anonymous_0)
FN:14,(anonymous_1)
FN:22,(anonymous_2)
FN:29,(anonymous_3)
FN:35,(anonymous_4)
FN:42,(anonymous_5)
FN:48,(anonymous_6)
FNF:7
FNH:0
FNDA:0,(anonymous_0)
FNDA:0,(anonymous_1)
FNDA:0,(anonymous_2)
FNDA:0,(anonymous_3)
FNDA:0,(anonymous_4)
FNDA:0,(anonymous_5)
FNDA:0,(anonymous_6)
DA:6,0
DA:8,0
DA:9,0
DA:10,0
DA:11,0
DA:14,0
DA:15,0
DA:18,0
DA:19,0
DA:22,0
DA:23,0
DA:28,0
DA:29,0
DA:30,0
DA:32,0
DA:35,0
DA:36,0
DA:41,0
DA:42,0
DA:43,0
DA:45,0
DA:48,0
DA:49,0
DA:53,0
LF:24
LH:0
BRDA:10,0,0,0
BRDA:10,0,1,0
BRDA:18,1,0,0
BRDA:18,1,1,0
BRDA:28,2,0,0
BRDA:28,2,1,0
BRDA:30,3,0,0
BRDA:30,3,1,0
BRDA:41,4,0,0
BRDA:41,4,1,0
BRDA:43,5,0,0
BRDA:43,5,1,0
BRDA:53,6,0,0
BRDA:53,6,1,0
BRF:14
BRH:0
end_of_record
TN:
SF:src/services/profileService.ts
FN:7,authHeader
FN:22,getMe
FN:29,updateMe
FN:43,getPhotoUrl
FN:50,uploadPhoto
FN:63,removePhoto
FN:70,logoutSession
FN:74,(anonymous_7)
FNF:8
FNH:0
FNDA:0,authHeader
FNDA:0,getMe
FNDA:0,updateMe
FNDA:0,getPhotoUrl
FNDA:0,uploadPhoto
FNDA:0,removePhoto
FNDA:0,logoutSession
FNDA:0,(anonymous_7)
DA:4,0
DA:5,0
DA:8,0
DA:9,0
DA:23,0
DA:24,0
DA:25,0
DA:26,0
DA:33,0
DA:38,0
DA:39,0
DA:40,0
DA:44,0
DA:45,0
DA:46,0
DA:47,0
DA:51,0
DA:52,0
DA:53,0
DA:58,0
DA:59,0
DA:60,0
DA:64,0
DA:71,0
DA:75,0
LF:25
LH:0
BRDA:9,0,0,0
BRDA:9,0,1,0
BRDA:24,1,0,0
BRDA:24,1,1,0
BRDA:26,2,0,0
BRDA:26,2,1,0
BRDA:39,3,0,0
BRDA:39,3,1,0
BRDA:39,4,0,0
BRDA:39,4,1,0
BRDA:40,5,0,0
BRDA:40,5,1,0
BRDA:45,6,0,0
BRDA:45,6,1,0
BRDA:47,7,0,0
BRDA:47,7,1,0
BRDA:59,8,0,0
BRDA:59,8,1,0
BRDA:59,9,0,0
BRDA:59,9,1,0
BRDA:59,9,2,0
BRF:21
BRH:0
end_of_record
TN:
SF:src/services/shortcut.service.ts
FN:7,fetchShortcuts
FN:13,fetchShortcut
FN:19,createShortcut
FN:29,updateShortcut
FN:39,deleteShortcut
FNF:5
FNH:5
FNDA:2,fetchShortcuts
FNDA:2,fetchShortcut
FNDA:2,createShortcut
FNDA:2,updateShortcut
FNDA:2,deleteShortcut
DA:5,1
DA:8,2
DA:9,2
DA:10,1
DA:14,2
DA:15,2
DA:16,1
DA:20,2
DA:25,2
DA:26,1
DA:30,2
DA:35,2
DA:36,1
DA:40,2
DA:44,2
DA:45,1
LF:16
LH:16
BRDA:9,0,0,1
BRDA:9,0,1,1
BRDA:15,1,0,1
BRDA:15,1,1,1
BRDA:25,2,0,1
BRDA:25,2,1,1
BRDA:35,3,0,1
BRDA:35,3,1,1
BRDA:44,4,0,1
BRDA:44,4,1,1
BRF:10
BRH:10
end_of_record
TN:
SF:src/services/socket.ts
FN:7,(anonymous_0)
FN:27,(anonymous_1)
FN:31,(anonymous_2)
FN:41,(anonymous_3)
FN:45,(anonymous_4)
FN:49,(anonymous_5)
FN:54,(anonymous_6)
FN:60,(anonymous_7)
FN:66,(anonymous_8)
FN:72,(anonymous_9)
FN:78,(anonymous_10)
FNF:11
FNH:0
FNDA:0,(anonymous_0)
FNDA:0,(anonymous_1)
FNDA:0,(anonymous_2)
FNDA:0,(anonymous_3)
FNDA:0,(anonymous_4)
FNDA:0,(anonymous_5)
FNDA:0,(anonymous_6)
FNDA:0,(anonymous_7)
FNDA:0,(anonymous_8)
FNDA:0,(anonymous_9)
FNDA:0,(anonymous_10)
DA:5,0
DA:7,0
DA:8,0
DA:9,0
DA:10,0
DA:12,0
DA:15,0
DA:17,0
DA:18,0
DA:19,0
DA:22,0
DA:27,0
DA:28,0
DA:31,0
DA:32,0
DA:34,0
DA:35,0
DA:36,0
DA:37,0
DA:41,0
DA:42,0
DA:45,0
DA:46,0
DA:49,0
DA:50,0
DA:54,0
DA:55,0
DA:56,0
DA:60,0
DA:61,0
DA:62,0
DA:66,0
DA:67,0
DA:68,0
DA:72,0
DA:73,0
DA:74,0
DA:78,0
LF:38
LH:0
BRDA:8,0,0,0
BRDA:8,0,1,0
BRDA:9,1,0,0
BRDA:9,1,1,0
BRDA:9,2,0,0
BRDA:9,2,1,0
BRDA:17,3,0,0
BRDA:17,3,1,0
BRDA:34,4,0,0
BRDA:34,4,1,0
BRDA:55,5,0,0
BRDA:55,5,1,0
BRDA:61,6,0,0
BRDA:61,6,1,0
BRDA:67,7,0,0
BRDA:67,7,1,0
BRDA:73,8,0,0
BRDA:73,8,1,0
BRF:18
BRH:0
end_of_record
TN:
SF:src/services/stageTemplates.service.ts
FN:12,(anonymous_0)
FN:21,(anonymous_1)
FN:29,(anonymous_2)
FN:38,(anonymous_3)
FN:44,(anonymous_4)
FN:54,(anonymous_5)
FN:60,(anonymous_6)
FNF:7
FNH:0
FNDA:0,(anonymous_0)
FNDA:0,(anonymous_1)
FNDA:0,(anonymous_2)
FNDA:0,(anonymous_3)
FNDA:0,(anonymous_4)
FNDA:0,(anonymous_5)
FNDA:0,(anonymous_6)
DA:10,0
DA:12,0
DA:13,0
DA:14,0
DA:17,0
DA:18,0
DA:21,0
DA:22,0
DA:25,0
DA:26,0
DA:29,0
DA:32,0
DA:37,0
DA:38,0
DA:39,0
DA:41,0
DA:44,0
DA:48,0
DA:53,0
DA:54,0
DA:55,0
DA:57,0
DA:60,0
DA:61,0
DA:65,0
LF:25
LH:0
BRDA:13,0,0,0
BRDA:13,0,1,0
BRDA:17,1,0,0
BRDA:17,1,1,0
BRDA:25,2,0,0
BRDA:25,2,1,0
BRDA:37,3,0,0
BRDA:37,3,1,0
BRDA:39,4,0,0
BRDA:39,4,1,0
BRDA:53,5,0,0
BRDA:53,5,1,0
BRDA:55,6,0,0
BRDA:55,6,1,0
BRDA:65,7,0,0
BRDA:65,7,1,0
BRF:16
BRH:0
end_of_record
TN:
SF:src/types/Notificacion.ts
FNF:0
FNH:0
LF:0
LH:0
BRF:0
BRH:0
end_of_record
TN:
SF:src/types/metaInbox.ts
FNF:0
FNH:0
LF:0
LH:0
BRF:0
BRH:0
end_of_record
TN:
SF:src/types/offers.ts
FNF:0
FNH:0
DA:39,0
LF:1
LH:0
BRF:0
BRH:0
end_of_record
TN:
SF:src/types/shortcut.ts
FNF:0
FNH:0
LF:0
LH:0
BRF:0
BRH:0
end_of_record
TN:
SF:src/types/stageTemplates.ts
FNF:0
FNH:0
DA:40,0
DA:41,0
DA:42,0
LF:3
LH:0
BRF:0
BRH:0
end_of_record
TN:
SF:src/utils/formatTimestamp.ts
FN:1,formatChatListTime
FN:51,formatMessageTime
FN:68,getDaySeparatorLabel
FN:113,agruparMensajesPorDia
FN:122,(anonymous_4)
FNF:5
FNH:0
FNDA:0,formatChatListTime
FNDA:0,formatMessageTime
FNDA:0,getDaySeparatorLabel
FNDA:0,agruparMensajesPorDia
FNDA:0,(anonymous_4)
DA:2,0
DA:3,0
DA:6,0
DA:11,0
DA:13,0
DA:14,0
DA:17,0
DA:18,0
DA:27,0
DA:28,0
DA:32,0
DA:33,0
DA:40,0
DA:52,0
DA:53,0
DA:69,0
DA:70,0
DA:72,0
DA:77,0
DA:79,0
DA:80,0
DA:82,0
DA:83,0
DA:86,0
DA:87,0
DA:90,0
DA:92,0
DA:101,0
DA:116,0
DA:118,0
DA:119,0
DA:120,0
DA:122,0
DA:123,0
DA:124,0
DA:131,0
DA:132,0
DA:133,0
DA:138,0
DA:139,0
DA:141,0
DA:146,0
DA:147,0
DA:153,0
LF:44
LH:0
BRDA:17,0,0,0
BRDA:17,0,1,0
BRDA:27,1,0,0
BRDA:27,1,1,0
BRDA:32,2,0,0
BRDA:32,2,1,0
BRDA:82,3,0,0
BRDA:82,3,1,0
BRDA:86,4,0,0
BRDA:86,4,1,0
BRDA:90,5,0,0
BRDA:90,5,1,0
BRDA:116,6,0,0
BRDA:116,6,1,0
BRDA:131,7,0,0
BRDA:131,7,1,0
BRDA:132,8,0,0
BRDA:132,8,1,0
BRDA:146,9,0,0
BRDA:146,9,1,0
BRF:20
BRH:0
end_of_record
TN:
SF:src/utils/getAuthHeaders.ts
FN:3,(anonymous_0)
FNF:1
FNH:0
FNDA:0,(anonymous_0)
DA:3,0
LF:1
LH:0
BRF:0
BRH:0
end_of_record
TN:
SF:src/utils/getTokenData.ts
FN:27,(anonymous_0)
FN:46,(anonymous_1)
FNF:2
FNH:0
FNDA:0,(anonymous_0)
FNDA:0,(anonymous_1)
DA:27,0
DA:28,0
DA:29,0
DA:31,0
DA:32,0
DA:33,0
DA:34,0
DA:35,0
DA:36,0
DA:38,0
DA:40,0
DA:41,0
DA:42,0
DA:46,0
DA:47,0
LF:15
LH:0
BRDA:29,0,0,0
BRDA:29,0,1,0
BRDA:34,1,0,0
BRDA:34,1,1,0
BRF:4
BRH:0
end_of_record
TN:
SF:src/utils/mediaUrl.ts
FN:5,normalizeMediaUrl
FNF:1
FNH:1
FNDA:12,normalizeMediaUrl
DA:2,4
DA:3,4
DA:6,12
DA:8,4
DA:9,4
DA:10,4
DA:12,4
DA:13,4
DA:15,4
DA:16,0
DA:19,4
DA:21,0
LF:12
LH:10
BRDA:6,0,0,8
BRDA:6,0,1,4
BRDA:10,1,0,0
BRDA:10,1,1,4
BRDA:10,2,0,4
BRDA:10,2,1,4
BRDA:15,3,0,0
BRDA:15,3,1,4
BRDA:15,4,0,4
BRDA:15,4,1,0
BRF:10
BRH:7
end_of_record
TN:
SF:src/utils/notificaciones.ts
FN:3,notificarExito
FN:7,notificarError
FNF:2
FNH:0
FNDA:0,notificarExito
FNDA:0,notificarError
DA:4,0
DA:8,0
LF:2
LH:0
BRF:0
BRH:0
end_of_record
TN:
SF:src/utils/openDashboard.ts
FN:2,(anonymous_0)
FNF:1
FNH:0
FNDA:0,(anonymous_0)
DA:2,0
DA:3,0
DA:4,0
DA:6,0
DA:7,0
LF:5
LH:0
BRDA:4,0,0,0
BRDA:4,0,1,0
BRF:2
BRH:0
end_of_record
